20240506	15:44:00	4508dd83-3294-4846-9a19-ff98af71e35a	ReferenceError: User is not defined	GET	/users	undefined
20240506	15:46:31	68707f81-09e2-47d9-9934-de98bff8911e	TypeError: res.statusCode is not a function	GET	/users	undefined
20240506	16:45:28	555bc153-7dae-44d9-a3ec-990c06c959fa	TypeError: Assignment to constant variable.	POST	/users	undefined
20240506	16:54:05	5edcea45-517a-4022-b282-32c5f91e0d9e	TypeError: Cannot read properties of undefined (reading 'lenght')	POST	/users	undefined
20240506	16:54:42	02bac981-1769-4dd0-a478-c5c872456a5f	TypeError: Cannot read properties of undefined (reading 'lenght')	POST	/users	undefined
20240506	17:47:07	97466a93-d210-4861-89e8-a87571003647	ReferenceError: role is not defined	POST	/users	undefined
20240510	14:49:49	5c8c9fbe-5269-4752-ad68-bc6d40dfab35	TypeError: Note.finOne is not a function	DELETE	/users	undefined
20240513	14:51:54	aac31183-3ece-44fc-a41c-6f84b7517d48	ValidationError: Note validation failed: user: Cast to ObjectId failed for value "Heinrich" (type string) at path "user" because of "BSONError"	POST	/notes	undefined
20240513	14:54:17	d3708325-2937-4eab-a047-a7c8a4cacd9c	ValidationError: Note validation failed: user: Cast to ObjectId failed for value "Heinrich" (type string) at path "user" because of "BSONError"	POST	/notes	undefined
20240702	10:39:20	2b4e4dc2-2c3e-4818-8b06-daae4ebc1906	TypeError: Cannot read properties of null (reading 'username')	GET	/notes	undefined
20240702	10:42:00	60505b06-0dd3-447b-b10b-6e1c2878386c	TypeError: Cannot read properties of null (reading 'username')	GET	/notes	undefined
20240702	10:51:49	885b60c6-5db0-4cc8-a2ae-7724a90c5ac6	TypeError: Cannot read properties of null (reading 'username')	GET	/notes	undefined
20240702	10:52:08	e85b9083-d4ae-49fc-abb1-9c601a8ca7ca	TypeError: Cannot read properties of null (reading 'username')	GET	/notes	undefined
20240702	10:52:29	fd7eb164-b329-43ca-8f2f-25eeebb85394	TypeError: Cannot read properties of null (reading 'username')	GET	/notes	undefined
20240702	10:55:39	f9cc5363-0748-498d-8838-5bfe14e71b16	TypeError: Cannot read properties of null (reading 'username')	GET	/notes	undefined
20240702	11:16:54	fe7e4342-3098-49ff-a647-2b5e4986b098	TypeError: Cannot read properties of null (reading 'username')	GET	/notes	undefined
20240702	11:17:21	23546959-d204-4691-80b0-fd49c3285c1c	TypeError: Cannot read properties of null (reading 'username')	GET	/notes	undefined
20240702	11:17:26	41eadc97-a537-4926-a41d-4b8b891f8b4c	TypeError: Cannot read properties of null (reading 'username')	GET	/notes	undefined
20240702	14:56:49	708ddf48-a56f-4f45-85a3-fc58f334a5b8	TypeError: Cannot read properties of null (reading 'username')	GET	/notes	undefined
20240702	14:58:35	953b0fc1-d316-4efe-8d90-a2c1b8642193	TypeError: Cannot read properties of null (reading 'username')	GET	/notes	undefined
20240702	15:03:25	a53a04aa-0b45-4822-94c6-63a488c461a0	TypeError: Cannot read properties of null (reading 'username')	GET	/notes	undefined
20240702	15:12:32	fc3a703f-5cbd-46ff-9614-d6cdb7655ae1	TypeError: Cannot read properties of null (reading 'username')	GET	/notes	undefined
20240702	15:12:43	a30a5e11-2ccd-4c4e-b284-64f2232a6442	TypeError: Cannot read properties of null (reading 'username')	GET	/notes	undefined
20240702	15:17:19	930cf357-7f69-4321-9642-778a2ee78911	TypeError: Cannot read properties of null (reading 'username')	GET	/notes	undefined
20240702	15:47:23	7bdd682c-06ae-4d11-9ad1-3347bdd135e4	TypeError: Cannot read properties of null (reading 'username')	GET	/notes	undefined
20240702	15:51:03	7f5a0da8-3efe-4dcc-b9a2-7baa03d5075d	TypeError: Cannot read properties of null (reading 'username')	GET	/notes	undefined
20240702	15:52:28	05581f7f-025f-490c-bbbb-21a67a8a2754	TypeError: Cannot read properties of null (reading 'username')	GET	/notes	undefined
20240702	16:35:23	19fbd4cc-b91e-4372-b78f-6327d1823b7f	TypeError: Cannot read properties of null (reading 'username')	GET	/notes	undefined
20240702	16:35:25	33880bf8-8cd9-4320-b26b-fc3f52464d57	TypeError: Cannot read properties of null (reading 'username')	GET	/notes	undefined
20240702	16:35:40	ab6a195c-f63e-4ef4-80f2-cf6eb3468be4	TypeError: Cannot read properties of null (reading 'username')	GET	/notes	undefined
20240702	16:35:55	49a9f287-4f00-474a-9b27-770b23ae9aca	TypeError: Cannot read properties of null (reading 'username')	GET	/notes	undefined
20240702	16:36:10	596b68b8-f62f-4833-9f39-b0d2d1a77cc4	TypeError: Cannot read properties of null (reading 'username')	GET	/notes	undefined
20240702	16:36:26	eed6c599-0b23-463a-823b-391562234775	TypeError: Cannot read properties of null (reading 'username')	GET	/notes	undefined
20240702	16:36:41	05695c67-c128-440e-92a0-e3f1e26faf45	TypeError: Cannot read properties of null (reading 'username')	GET	/notes	undefined
20240702	16:36:56	572961f5-d5b9-40f1-8a5d-110f7109049c	TypeError: Cannot read properties of null (reading 'username')	GET	/notes	undefined
20240702	16:37:11	c4570bec-e9b5-4f6e-8432-ab07cd4d3500	TypeError: Cannot read properties of null (reading 'username')	GET	/notes	undefined
20240702	16:37:26	2fd3fde2-ee14-4271-8580-3333064dc7f2	TypeError: Cannot read properties of null (reading 'username')	GET	/notes	undefined
20240702	16:37:41	e2eb99ed-e31a-4e20-98ba-3e42d6508ec4	TypeError: Cannot read properties of null (reading 'username')	GET	/notes	undefined
20240702	16:37:56	3c7a32c7-5b94-416c-99f0-6167e39c1bf4	TypeError: Cannot read properties of null (reading 'username')	GET	/notes	undefined
20240702	16:38:11	01eef455-6088-493f-b7ff-4c9acd384eb0	TypeError: Cannot read properties of null (reading 'username')	GET	/notes	undefined
20240702	16:38:26	2440179e-0a47-46fb-b22a-68bd1e8ecd22	TypeError: Cannot read properties of null (reading 'username')	GET	/notes	undefined
20240702	16:38:41	18b4b2ce-5085-449e-991e-dae71056308e	TypeError: Cannot read properties of null (reading 'username')	GET	/notes	undefined
20240702	16:38:57	0cadae56-d8d1-4d2b-875f-6b7db4d7a7b4	TypeError: Cannot read properties of null (reading 'username')	GET	/notes	undefined
20240702	16:39:12	12789c13-ec05-4f8d-9fbf-596b0d8a5310	TypeError: Cannot read properties of null (reading 'username')	GET	/notes	undefined
20240702	16:39:27	fc07cfbc-3203-4dd3-a2c7-6ebe0f1a814b	TypeError: Cannot read properties of null (reading 'username')	GET	/notes	undefined
20240702	16:39:42	30f4801b-8886-4847-9e67-1ebe94a8260b	TypeError: Cannot read properties of null (reading 'username')	GET	/notes	undefined
20240702	16:39:57	04ec29f8-9b44-4750-beeb-07ad34b9d399	TypeError: Cannot read properties of null (reading 'username')	GET	/notes	undefined
20240702	16:40:12	9235eb9c-c080-4244-b0dd-a51ed12be3b7	TypeError: Cannot read properties of null (reading 'username')	GET	/notes	undefined
20240702	16:40:27	8d949067-9d7f-46a0-954f-10eb9b005f39	TypeError: Cannot read properties of null (reading 'username')	GET	/notes	undefined
20240702	16:40:43	050bcea6-6931-48fe-ba2a-a747496e6156	TypeError: Cannot read properties of null (reading 'username')	GET	/notes	undefined
20240702	16:40:58	fb7f6812-33ce-4e50-a50c-b429a68f25e8	TypeError: Cannot read properties of null (reading 'username')	GET	/notes	undefined
20240702	16:41:13	770fac69-5ac9-4536-8c4f-54b50dca728a	TypeError: Cannot read properties of null (reading 'username')	GET	/notes	undefined
20240702	16:41:28	f3b5e2e5-032c-4b2d-8ea3-3528af8bedcc	TypeError: Cannot read properties of null (reading 'username')	GET	/notes	undefined
20240702	16:41:43	23310baf-3578-448f-ba15-f6d83ffa841b	TypeError: Cannot read properties of null (reading 'username')	GET	/notes	undefined
20240702	16:41:58	519bbfae-06b1-4117-8b45-e0c9e65d8170	TypeError: Cannot read properties of null (reading 'username')	GET	/notes	undefined
20240702	16:42:13	595ac496-471a-4083-a9dd-91c14e22a8f4	TypeError: Cannot read properties of null (reading 'username')	GET	/notes	undefined
20240702	16:42:29	94b63a5b-ccf0-4145-b38c-ea0791ab5079	TypeError: Cannot read properties of null (reading 'username')	GET	/notes	undefined
20240702	16:42:44	991ccd96-0bfc-44f4-95ba-5cd460d4d020	TypeError: Cannot read properties of null (reading 'username')	GET	/notes	undefined
20240702	16:43:00	accb4d20-4e5e-491e-b0ca-760506772cf5	TypeError: Cannot read properties of null (reading 'username')	GET	/notes	undefined
20240702	16:43:15	3906c154-61d6-402b-98d1-0c7281008ff4	TypeError: Cannot read properties of null (reading 'username')	GET	/notes	undefined
20240702	16:43:30	764959af-2a3c-4aab-b5bd-e2d1496cc698	TypeError: Cannot read properties of null (reading 'username')	GET	/notes	undefined
20240702	16:43:45	22fb914c-ccab-4a6c-b59c-3e58344ec458	TypeError: Cannot read properties of null (reading 'username')	GET	/notes	undefined
20240702	16:44:00	cc8e143b-81f6-4b9e-9805-e1e2e6e77508	TypeError: Cannot read properties of null (reading 'username')	GET	/notes	undefined
20240702	16:44:15	d9299586-7610-4467-83f0-6a6c22139967	TypeError: Cannot read properties of null (reading 'username')	GET	/notes	undefined
20240702	16:44:30	a1213dd5-2be9-4f52-a8e3-406b0985d403	TypeError: Cannot read properties of null (reading 'username')	GET	/notes	undefined
20240702	16:44:45	da7f633c-bd95-4150-9914-663a0ee9ecfd	TypeError: Cannot read properties of null (reading 'username')	GET	/notes	undefined
20240702	16:45:00	8e6cbd99-0c98-4a0e-b366-984bd612d691	TypeError: Cannot read properties of null (reading 'username')	GET	/notes	undefined
20240702	16:45:16	e73a4b28-2ad4-4c1c-baf3-21c64446b5c6	TypeError: Cannot read properties of null (reading 'username')	GET	/notes	undefined
20240702	16:45:31	72038429-70a9-4549-b0b2-736fe91adc7e	TypeError: Cannot read properties of null (reading 'username')	GET	/notes	undefined
20240702	16:45:46	2ba0c664-a175-40ac-8022-43b111d4cb29	TypeError: Cannot read properties of null (reading 'username')	GET	/notes	undefined
20240702	16:46:01	11a86df4-31b4-48b6-8341-04aadbbac8b0	TypeError: Cannot read properties of null (reading 'username')	GET	/notes	undefined
20240702	16:46:16	5dc237a4-562d-41ec-b50b-27557c00682e	TypeError: Cannot read properties of null (reading 'username')	GET	/notes	undefined
20240702	16:46:31	5cb24d25-3464-4ab1-bd06-973ecba0db45	TypeError: Cannot read properties of null (reading 'username')	GET	/notes	undefined
20240702	16:46:46	dadf0a86-8d1e-4705-9283-b04b8ef7de81	TypeError: Cannot read properties of null (reading 'username')	GET	/notes	undefined
20240702	16:47:02	e0c5f3c0-a94c-4bc5-8241-64b0f7f023c9	TypeError: Cannot read properties of null (reading 'username')	GET	/notes	undefined
20240702	16:47:17	7b5917c0-db67-47a3-bd5c-1f878c5cf8b5	TypeError: Cannot read properties of null (reading 'username')	GET	/notes	undefined
20240702	16:47:32	af2cacf3-ae15-46aa-8545-512c9278be5b	TypeError: Cannot read properties of null (reading 'username')	GET	/notes	undefined
20240702	16:47:47	f9c4cf69-e859-4a7b-9625-19546e14323f	TypeError: Cannot read properties of null (reading 'username')	GET	/notes	undefined
20240702	16:48:02	c0482ffa-7776-4570-8a2c-7accb9218d2e	TypeError: Cannot read properties of null (reading 'username')	GET	/notes	undefined
20240702	16:48:17	e49029ee-000e-4cb9-b541-182ca168c53c	TypeError: Cannot read properties of null (reading 'username')	GET	/notes	undefined
20240702	16:48:32	eeddfda5-a293-4929-99ad-f173fb74227b	TypeError: Cannot read properties of null (reading 'username')	GET	/notes	undefined
20240702	16:48:47	355d4dee-73bb-4e49-8339-8006b0a4b968	TypeError: Cannot read properties of null (reading 'username')	GET	/notes	undefined
20240702	16:49:03	fe514fa3-a815-4a07-8f5f-ef1af26c558a	TypeError: Cannot read properties of null (reading 'username')	GET	/notes	undefined
20240702	16:49:18	0a9e977b-8cf3-40b7-a350-b8707fc5b0ae	TypeError: Cannot read properties of null (reading 'username')	GET	/notes	undefined
20240702	16:49:33	94d1d09b-8ac3-46d2-9a85-3e75d3ef0ec9	TypeError: Cannot read properties of null (reading 'username')	GET	/notes	undefined
20240702	16:49:48	e2812613-2d68-4295-8912-ca15f038d0ba	TypeError: Cannot read properties of null (reading 'username')	GET	/notes	undefined
20240702	16:50:03	b68d6631-98f6-4d3d-ab4c-b707de033afb	TypeError: Cannot read properties of null (reading 'username')	GET	/notes	undefined
20240702	16:50:18	51fbcf04-3425-4a70-9b69-103dcf7153a9	TypeError: Cannot read properties of null (reading 'username')	GET	/notes	undefined
20240702	16:50:33	a5e630f1-ef16-4bd5-a6fd-bc183eabd25a	TypeError: Cannot read properties of null (reading 'username')	GET	/notes	undefined
20240702	16:50:48	77a1d57a-e806-4224-8dba-513d47cd7bc5	TypeError: Cannot read properties of null (reading 'username')	GET	/notes	undefined
20240702	16:51:03	4d2e8893-8deb-43c5-9136-781ebc3d6333	TypeError: Cannot read properties of null (reading 'username')	GET	/notes	undefined
20240702	16:51:19	dd27d47b-8e97-4867-afd4-ae0a11627de8	TypeError: Cannot read properties of null (reading 'username')	GET	/notes	undefined
20240702	16:51:34	4f0a740b-5790-4e36-9310-5b8237749d1a	TypeError: Cannot read properties of null (reading 'username')	GET	/notes	undefined
20240702	16:51:49	3e7d4ccf-b802-4044-9576-0a32c5151ca0	TypeError: Cannot read properties of null (reading 'username')	GET	/notes	undefined
20240702	16:52:04	a5ea8a42-2005-41ec-b02e-a7608cf4ecbe	TypeError: Cannot read properties of null (reading 'username')	GET	/notes	undefined
20240702	16:52:19	423e016f-890d-40c3-bed4-f125ffc8982a	TypeError: Cannot read properties of null (reading 'username')	GET	/notes	undefined
20240702	16:52:34	bea9d5d4-cd02-4dd8-a617-f88683a9e8a4	TypeError: Cannot read properties of null (reading 'username')	GET	/notes	undefined
20240702	16:52:49	d6cc09f4-602e-40d7-b1d0-326e49ec6a56	TypeError: Cannot read properties of null (reading 'username')	GET	/notes	undefined
20240702	16:53:04	91eb534a-0a10-4e52-80e9-20c49a1d6ddd	TypeError: Cannot read properties of null (reading 'username')	GET	/notes	undefined
20240702	16:53:19	d4281a3e-51a2-4fc7-8a85-d4e401088d68	TypeError: Cannot read properties of null (reading 'username')	GET	/notes	undefined
20240702	16:53:34	9e28688d-2506-4084-a235-321239cb4f6b	TypeError: Cannot read properties of null (reading 'username')	GET	/notes	undefined
20240702	16:53:50	8b3885b4-2816-4e79-be1f-e5d104713c81	TypeError: Cannot read properties of null (reading 'username')	GET	/notes	undefined
20240702	16:54:05	a758b964-a2e2-4710-af63-58d80aeac086	TypeError: Cannot read properties of null (reading 'username')	GET	/notes	undefined
20240702	17:56:47	5431aa60-7976-4e69-9c5a-37f8565b0420	TypeError: Class constructor ObjectId cannot be invoked without 'new'	POST	/scores	undefined
20240707	21:02:06	0e323d5d-a145-40af-add0-34c6d8bf35bc	BSONError: input must be a 24 character hex string, 12 byte Uint8Array, or an integer	POST	/scores	undefined
