20240702	10:26:57	8d25ca20-0313-4ee4-9668-086a1c9f124d	GET	/	undefined
20240702	10:26:57	919a8e45-d5e2-4e5b-8836-72a2fbec0f83	GET	/css/style.css	undefined
20240702	10:26:57	a2f574bb-caeb-438c-86aa-1066ae71ad86	GET	/favicon.ico	undefined
20240702	10:27:11	2b0fa016-63b6-40eb-9eff-6c2c65dc2c1c	OPTIONS	/auth	http://localhost:3000
20240702	10:27:11	eec12260-f975-4633-8dd8-0a449e51a4e2	POST	/auth	http://localhost:3000
20240702	10:27:11	d37cc2ea-12a4-408b-a86c-10c4d9037168	OPTIONS	/notes	http://localhost:3000
20240702	10:27:11	b0ad354b-e664-4d38-bde6-9d1694ae38d9	OPTIONS	/users	http://localhost:3000
20240702	10:27:11	c575c249-6d7d-4789-9ab9-91ab9784381d	GET	/notes	http://localhost:3000
20240702	10:27:11	4f16ff47-c274-4115-bbf4-033b8b11971b	GET	/users	http://localhost:3000
20240702	10:33:41	047a7024-239e-49a0-bf3c-468e646bf873	OPTIONS	/auth	http://localhost:3000
20240702	10:33:41	764330c0-fd77-4aad-b3a3-d8b84fbc4bea	POST	/auth	http://localhost:3000
20240702	10:33:41	c70036a3-29a0-4862-8160-814e23aeb24e	OPTIONS	/notes	http://localhost:3000
20240702	10:33:41	c7fbb87a-c745-4bd1-a7f1-760b0f7ffc0a	OPTIONS	/users	http://localhost:3000
20240702	10:33:41	ae7f947d-7f73-4698-bc03-764c3f0b7484	GET	/notes	http://localhost:3000
20240702	10:33:41	07bd9f8b-831f-47fa-b378-c0b396c3462f	GET	/users	http://localhost:3000
20240702	10:35:19	f7dd8821-9a84-47dd-80ae-d99b604eb925	OPTIONS	/auth	http://localhost:3000
20240702	10:35:19	1df540df-7e9c-424f-b712-b0ec436076f6	POST	/auth	http://localhost:3000
20240702	10:35:19	dadd1e1e-2bab-460c-a941-3d231847b744	OPTIONS	/notes	http://localhost:3000
20240702	10:35:19	933c10e5-66e9-4640-8bb0-de4660ae723c	OPTIONS	/users	http://localhost:3000
20240702	10:35:19	2cde9d3e-64e8-4693-b38c-1c5fcea52288	GET	/notes	http://localhost:3000
20240702	10:35:19	ace9cb76-f27c-4126-8364-5e79af5ecc77	GET	/users	http://localhost:3000
20240702	10:35:37	ec94b528-4834-486a-bf14-77ffb9d04fca	OPTIONS	/users	http://localhost:3000
20240702	10:35:37	1ccc7cfb-2d75-4029-a157-ba8109be42f9	GET	/users	http://localhost:3000
20240702	10:35:46	efaa0f82-54bd-467a-a87c-cdd27852d613	OPTIONS	/users	http://localhost:3000
20240702	10:35:46	5cd5caed-0f88-4260-bcad-6790a4da6143	DELETE	/users	http://localhost:3000
20240702	10:35:46	8fe4830d-7cf2-4971-aa0a-a73bf5cf59b8	GET	/users	http://localhost:3000
20240702	10:35:46	64ddf058-dd8d-4242-bd82-9e063037785c	GET	/users	http://localhost:3000
20240702	10:36:07	7899caa4-9b1d-4c47-ae18-a9aeb1e1e62d	OPTIONS	/users	http://localhost:3000
20240702	10:36:07	e776c889-12a1-40f6-a92d-4ca9609421b8	PATCH	/users	http://localhost:3000
20240702	10:36:08	af01155e-4f72-45d6-b425-1f414c06d1b8	GET	/users	http://localhost:3000
20240702	10:36:08	93495a83-2c71-411e-8c1e-1fd190e738e0	GET	/users	http://localhost:3000
20240702	10:37:31	e30acc61-8b6e-4c51-81c6-71dd91d87f27	OPTIONS	/auth/logout	http://localhost:3000
20240702	10:37:31	639f25b6-08eb-410c-b076-7507e6ef477e	POST	/auth/logout	http://localhost:3000
20240702	10:37:44	440986f9-c0fc-4620-992b-08b5a4d12aff	GET	/auth/refresh	http://localhost:3000
20240702	10:39:20	0b9d765c-ba30-4eff-a728-267ed650a352	OPTIONS	/auth	http://localhost:3000
20240702	10:39:20	e7b03a33-d3aa-4cc6-83f8-b37e8fb2510b	POST	/auth	http://localhost:3000
20240702	10:39:20	cb16674f-a0c0-4253-a65b-5d61a09ad444	OPTIONS	/notes	http://localhost:3000
20240702	10:39:20	93ee4927-f1fb-4932-98fa-427e2e4691e5	OPTIONS	/users	http://localhost:3000
20240702	10:39:20	b022fff8-cd64-4faf-afe0-bb222e09da0e	GET	/notes	http://localhost:3000
20240702	10:39:20	742f3ff4-dc37-4b2c-9b1e-4d0eca9cc312	GET	/users	http://localhost:3000
20240702	10:39:21	b83e0585-13ed-4712-9344-4c3af243db98	OPTIONS	/auth/logout	http://localhost:3000
20240702	10:39:21	258a7d6a-b701-4f95-87a6-139963a0b4c4	POST	/auth/logout	http://localhost:3000
20240702	10:40:59	219bf771-7f9d-4505-a046-06008df4add0	GET	/auth/refresh	http://localhost:3000
20240702	10:41:14	519f0eab-6aa2-4082-b9c9-076b67d4364e	GET	/auth/refresh	http://localhost:3000
20240702	10:41:57	c5ef1307-ecf7-4198-a9f6-78bc4b9951c2	GET	/auth/refresh	http://localhost:3000
20240702	10:42:00	2f62eff5-c63f-431e-84cd-2740c81dd70a	OPTIONS	/auth	http://localhost:3000
20240702	10:42:00	5e74ec3b-02f4-4565-8cca-7c95dbbc18b9	POST	/auth	http://localhost:3000
20240702	10:42:00	9664440e-00f7-45f6-9f8f-73f18f321396	OPTIONS	/notes	http://localhost:3000
20240702	10:42:00	82f6e22e-8e48-434d-94d4-7f7d6db2906a	OPTIONS	/users	http://localhost:3000
20240702	10:42:00	19788745-2caf-4d97-b9c1-91c6e9931d88	GET	/notes	http://localhost:3000
20240702	10:42:00	85b910f7-e874-4eae-958b-ded10cab26c5	GET	/users	http://localhost:3000
20240702	10:42:06	edf519ad-bcd5-4696-ba6b-a976df85cf5e	OPTIONS	/auth/logout	http://localhost:3000
20240702	10:42:06	fffa5e0c-b473-461d-900f-a30963a461b8	POST	/auth/logout	http://localhost:3000
20240702	10:50:29	cf1f2033-b533-442a-8b51-9ec00de8633b	OPTIONS	/users	http://localhost:3000
20240702	10:50:29	517ae9f4-5718-4743-958b-24f818413eac	POST	/users	http://localhost:3000
20240702	10:51:49	285eb1bc-e8dd-44d6-bf58-3b40ddc70705	OPTIONS	/auth	http://localhost:3000
20240702	10:51:49	297a32d5-279f-4c48-a2f6-6072f3342d21	POST	/auth	http://localhost:3000
20240702	10:51:49	140a7680-e7ee-4a3a-afb8-f9c15907cac6	OPTIONS	/notes	http://localhost:3000
20240702	10:51:49	0425d242-f32f-40f1-afb6-09b68e513b33	OPTIONS	/users	http://localhost:3000
20240702	10:51:49	6b635d6e-622e-48c9-966f-25de38b9b7fa	GET	/notes	http://localhost:3000
20240702	10:51:49	26ee2834-e852-4604-a3ea-0b6357ee79e3	GET	/users	http://localhost:3000
20240702	10:52:08	03eadf6e-9a05-44ba-883d-22b3bf406e3a	OPTIONS	/users	http://localhost:3000
20240702	10:52:08	cf372472-95ac-4d39-905e-5465f373123a	POST	/users	http://localhost:3000
20240702	10:52:08	bd80b664-78b5-4f3f-a0b3-50e5d7d77e46	GET	/users	http://localhost:3000
20240702	10:52:08	c4b85fe0-b5e0-41bf-a693-e18eaa5704ad	OPTIONS	/notes	http://localhost:3000
20240702	10:52:08	8eec489b-d5fb-444a-888f-20133e4d9879	GET	/notes	http://localhost:3000
20240702	10:52:08	a4f344dd-f7da-408f-9a22-e3b7c1d47f04	GET	/users	http://localhost:3000
20240702	10:52:09	7635d327-75ef-41d4-94fc-726a95b30ef3	GET	/users	http://localhost:3000
20240702	10:52:22	beca79ee-7588-4e6a-9c84-1f27cea3ab1f	OPTIONS	/users	http://localhost:3000
20240702	10:52:22	4f389dfa-4db9-476c-a6a8-654296f426f1	POST	/users	http://localhost:3000
20240702	10:52:28	2e35c3ee-fd26-4523-a5c5-3845aee376b0	OPTIONS	/users	http://localhost:3000
20240702	10:52:28	909b0cc6-acc0-47e8-845b-3b43dcfed52e	POST	/users	http://localhost:3000
20240702	10:52:28	9748bffd-9fbc-4f22-ae03-a0c9742be0f9	GET	/users	http://localhost:3000
20240702	10:52:28	1e591e0a-3ba5-4593-9ba1-bc3c18f1825d	OPTIONS	/notes	http://localhost:3000
20240702	10:52:28	ee8eb916-aa8c-4121-847e-1490b3c2c8af	GET	/notes	http://localhost:3000
20240702	10:52:28	75118f22-c317-434f-b923-ffc0dc452679	GET	/users	http://localhost:3000
20240702	10:52:30	28cfe325-0f10-4bf3-9fbe-70861aafef12	GET	/users	http://localhost:3000
20240702	10:55:39	5376b7a0-7a04-4c35-80f4-14fe54fee6a3	OPTIONS	/users	http://localhost:3000
20240702	10:55:39	4b7932b0-f438-40b3-82ea-2b748b4352af	POST	/users	http://localhost:3000
20240702	10:55:39	cfa9ca3c-00ed-45a1-a95d-21ae9e95a31d	GET	/users	http://localhost:3000
20240702	10:55:39	f4bb2cb7-a7c0-427d-9c48-e28ec29d859a	OPTIONS	/notes	http://localhost:3000
20240702	10:55:39	912c46c4-8ab6-40ef-bd47-d5567f1659de	GET	/notes	http://localhost:3000
20240702	10:55:39	eccbfa0e-d342-46ec-b0c3-af08c1c7c836	GET	/users	http://localhost:3000
20240702	10:55:41	8e8308f5-fb88-4c45-80fe-04b7836b3f82	GET	/users	http://localhost:3000
20240702	11:14:16	e0e75440-552b-4b4b-b38a-1c8440197a13	OPTIONS	/auth	http://localhost:3000
20240702	11:14:16	7ca84762-18a3-4811-ae95-1bd44cece731	POST	/auth	http://localhost:3000
20240702	11:16:40	599953cd-01b9-4b5c-bfa7-04a432c60bab	OPTIONS	/auth	http://localhost:3000
20240702	11:16:40	763cfac7-725b-4aa3-99ba-3b34b7828328	POST	/auth	http://localhost:3000
20240702	11:16:44	4cc2acd9-2230-49d9-be43-f29c25660735	OPTIONS	/users	http://localhost:3000
20240702	11:16:44	b7e18df0-7d0a-4683-8775-2849831dd453	POST	/users	http://localhost:3000
20240702	11:16:44	f7f31662-802e-4487-8be5-46fed62c94d3	OPTIONS	/auth/refresh	http://localhost:3000
20240702	11:16:44	715f42d0-a6d3-4d8a-ae62-6abc349b2647	GET	/auth/refresh	http://localhost:3000
20240702	11:16:44	497c9ad7-0b73-46f7-b6c6-041de1b16cdc	POST	/users	http://localhost:3000
20240702	11:16:53	718fba89-ce33-4943-8d98-8e12161b6880	OPTIONS	/users	http://localhost:3000
20240702	11:16:53	76329f8c-32d7-41be-8b97-bff16e5bd238	POST	/users	http://localhost:3000
20240702	11:16:53	f026819a-45dd-483f-9fdd-150602f89369	GET	/users	http://localhost:3000
20240702	11:16:53	7e210c86-a5df-47a5-88f4-e4e92ec97a37	OPTIONS	/notes	http://localhost:3000
20240702	11:16:53	e672f4b8-62e5-4a8a-a7ee-7f7c66c60df8	GET	/notes	http://localhost:3000
20240702	11:17:21	7b87c8cd-f137-492a-8220-f1f3facc6845	OPTIONS	/users	http://localhost:3000
20240702	11:17:21	2ea7f203-59ac-4b16-a995-46d589df615a	POST	/users	http://localhost:3000
20240702	11:17:21	c68fdef1-a04b-49ec-9253-7a542f42f2e8	GET	/users	http://localhost:3000
20240702	11:17:21	34cd8d40-5e6b-426b-9cbc-3e24e87d15e8	OPTIONS	/notes	http://localhost:3000
20240702	11:17:21	7b352185-f2ae-43cc-8a99-09077df7f2cc	GET	/notes	http://localhost:3000
20240702	11:17:26	cfd8b71b-1984-4277-b38a-0728bbd87aef	OPTIONS	/notes	http://localhost:3000
20240702	11:17:26	1d217c50-71f8-4295-b2aa-8436e362c66a	GET	/notes	http://localhost:3000
20240702	11:17:30	afe6114e-46e9-4b80-a551-6a6de9a59ffd	OPTIONS	/users	http://localhost:3000
20240702	11:17:30	a80abf83-2909-45e7-b8bf-3e7034943690	GET	/users	http://localhost:3000
20240702	11:21:14	0d6642ce-80dc-455f-8a45-b988e840dba9	OPTIONS	/auth	http://localhost:3000
20240702	11:21:14	7c41ef5c-8ac5-4788-a556-3471a21a6039	POST	/auth	http://localhost:3000
20240702	11:22:37	f8a4455a-2b1b-4071-8fb9-9eec8e65666c	OPTIONS	/auth	http://localhost:3000
20240702	11:22:37	8d535d29-c4c2-464c-846c-17b52c6cf6ea	POST	/auth	http://localhost:3000
20240702	11:23:37	68e59591-7794-4973-af33-c48c8ef5a0b5	OPTIONS	/auth	http://localhost:3000
20240702	11:23:37	a0b80b44-23e0-4357-97aa-acb065d96118	POST	/auth	http://localhost:3000
20240702	11:23:54	6d5ae70e-293d-4a69-af24-5b204b45f090	OPTIONS	/auth	http://localhost:3000
20240702	11:23:54	1b0f6a90-db6d-450b-acfc-4f29777a1b81	POST	/auth	http://localhost:3000
20240702	14:47:56	0c72b4bd-3533-43f3-a100-ed0fe6311d3d	OPTIONS	/auth	http://localhost:3000
20240702	14:47:56	550ce20b-1ae4-4d54-9997-e0354c82ab3d	POST	/auth	http://localhost:3000
20240702	14:48:29	4945b9b6-9a2a-4e7d-b802-0b2ed8e67717	OPTIONS	/auth	http://localhost:3000
20240702	14:48:29	ea208071-a87f-406b-adf6-e9e3c35e03c6	POST	/auth	http://localhost:3000
20240702	14:49:40	f81716e8-cf34-4c55-96d6-ff2e9b9fa6d1	OPTIONS	/users	http://localhost:3000
20240702	14:49:40	a933bd98-29aa-4dda-9e4a-39d72133896a	POST	/users	http://localhost:3000
20240702	14:49:40	c5cabcfc-0d08-46e6-be6f-e9420b7f251e	OPTIONS	/auth/refresh	http://localhost:3000
20240702	14:49:40	40005212-315f-4af1-a931-fc7373506c9b	GET	/auth/refresh	http://localhost:3000
20240702	14:49:40	d4c74bcb-af8d-4587-ac7c-d65706e3319d	POST	/users	http://localhost:3000
20240702	14:51:27	e620dae6-ead1-40ca-8361-419a89fd6c34	OPTIONS	/auth	http://localhost:3000
20240702	14:51:27	a0ee5ef8-d1d3-4fc3-8107-3ee81d4f2861	POST	/auth	http://localhost:3000
20240702	14:52:07	13286a5c-53db-413c-bf5a-b7e0d24c959d	OPTIONS	/auth	http://localhost:3000
20240702	14:52:07	66ca662c-d8b2-4103-93ae-ceb883fc34f6	POST	/auth	http://localhost:3000
20240702	14:52:51	432c3861-d01c-46b8-b682-b40335e67ea7	OPTIONS	/auth	http://localhost:3000
20240702	14:52:51	81e7f14f-601b-4b56-87ae-f263117ac3d5	POST	/auth	http://localhost:3000
20240702	14:54:38	aced1204-318f-49d9-9356-2f56f6eb9e40	OPTIONS	/auth	http://localhost:3000
20240702	14:54:38	bd565c18-3afa-4d79-b5de-014e7b9af89b	POST	/auth	http://localhost:3000
20240702	14:55:30	afd688aa-d31d-4fce-ade8-114f3d875338	OPTIONS	/auth	http://localhost:3000
20240702	14:55:30	fafbacfe-e1ef-4943-9a1b-5fe359c27c8d	POST	/auth	http://localhost:3000
20240702	14:56:48	024ab96f-622f-4d63-a536-7bfd5b98a275	OPTIONS	/auth	http://localhost:3000
20240702	14:56:48	848648ec-b9a7-464e-8568-bbc1e34f28a7	POST	/auth	http://localhost:3000
20240702	14:56:48	ce5454e0-67cf-4a28-8b60-ee9b6715d9c5	OPTIONS	/users	http://localhost:3000
20240702	14:56:48	75bba5f5-1694-4255-be0f-09583d7eb250	OPTIONS	/notes	http://localhost:3000
20240702	14:56:48	fefe8e8b-52d1-4b20-9229-b39fa4bac597	GET	/users	http://localhost:3000
20240702	14:56:48	aae02760-e959-462b-8db4-ab7f2c10092f	GET	/notes	http://localhost:3000
20240702	14:58:35	af3e39ca-57db-4a6f-9ddf-2fcbfabbbe40	OPTIONS	/auth	http://localhost:3000
20240702	14:58:35	d281e6e3-aa39-4067-89af-46966652e354	POST	/auth	http://localhost:3000
20240702	14:58:35	c9c47536-5427-4785-884c-d904b7cc472b	OPTIONS	/notes	http://localhost:3000
20240702	14:58:35	e725e8dc-623d-4995-a00c-004868596b95	OPTIONS	/users	http://localhost:3000
20240702	14:58:35	bc2686ca-ee8b-468a-a47f-9563951bd827	GET	/notes	http://localhost:3000
20240702	14:58:35	ad1d5526-0184-415f-a5a3-db535c299b61	GET	/users	http://localhost:3000
20240702	15:03:25	4349a336-1c7d-41da-8875-6454002157a5	OPTIONS	/auth	http://localhost:3000
20240702	15:03:25	3db9c88b-8f9a-43d2-9a9e-2252744f7078	POST	/auth	http://localhost:3000
20240702	15:03:25	1eaefacc-6b40-4b08-9bc0-f3444405b2e6	OPTIONS	/notes	http://localhost:3000
20240702	15:03:25	c0f2e6f0-f53e-437c-a4cd-d32fa9d09f93	OPTIONS	/users	http://localhost:3000
20240702	15:03:25	32dc9c63-9c83-4844-bab5-6f47d2f02c59	GET	/notes	http://localhost:3000
20240702	15:03:25	d7c83a78-4b58-4271-a4ce-6a8d13eee6a5	GET	/users	http://localhost:3000
20240702	15:12:32	f89a5487-f998-4cb8-a718-06466c8ce077	OPTIONS	/auth	http://localhost:3000
20240702	15:12:32	eb4a978c-6410-4350-82da-6e80d871bf08	POST	/auth	http://localhost:3000
20240702	15:12:32	6ad93fee-7540-4aed-a4e6-07b9fce78d5c	OPTIONS	/notes	http://localhost:3000
20240702	15:12:32	3ea82cd3-bb69-4160-af28-e7864996e84a	OPTIONS	/users	http://localhost:3000
20240702	15:12:32	3b265a42-14cd-4080-b3e2-0511aa2cdee0	GET	/notes	http://localhost:3000
20240702	15:12:32	54dcabf2-284c-4f71-b08c-16ba1906e8f2	GET	/users	http://localhost:3000
20240702	15:12:43	a9e75a5e-d3d1-4f6d-a6df-5ed65136c8f5	OPTIONS	/users	http://localhost:3000
20240702	15:12:43	c427f7cd-7590-4321-a068-8bce546071d3	POST	/users	http://localhost:3000
20240702	15:12:43	ee734057-34e3-4915-90f8-8636a373d3bc	GET	/users	http://localhost:3000
20240702	15:12:43	cb121c5f-8396-42f4-bc96-6b259e53c2c7	OPTIONS	/notes	http://localhost:3000
20240702	15:12:43	572194e3-745b-4cca-bb34-cb14e4328262	GET	/notes	http://localhost:3000
20240702	15:12:43	dba71aae-9b9e-474c-9087-ab7539bf26df	GET	/users	http://localhost:3000
20240702	15:12:44	8b23ea9a-156e-46e5-b224-0b657053f8d6	GET	/users	http://localhost:3000
20240702	15:17:19	8fcc779b-3892-45a6-a791-4446d917534e	OPTIONS	/users	http://localhost:3000
20240702	15:17:19	fbd3cb73-4441-49f2-af86-27383dfb5196	POST	/users	http://localhost:3000
20240702	15:17:19	073b1c34-fcf5-4141-b9d0-cfd067d35312	OPTIONS	/auth	http://localhost:3000
20240702	15:17:19	c0e6cac6-fd0d-46e5-b9b6-8acd2005cb5a	POST	/auth	http://localhost:3000
20240702	15:17:19	11280d1e-759c-475a-8247-7f8a2bc9e419	OPTIONS	/notes	http://localhost:3000
20240702	15:17:19	f72369aa-3a82-4932-b4f2-2749d485b4e3	OPTIONS	/users	http://localhost:3000
20240702	15:17:19	c9a27d02-3c6b-4c98-aee3-7f5ec8ae92ea	GET	/notes	http://localhost:3000
20240702	15:17:19	850f52a4-9dbe-4b5b-9cfe-3a6b443150ab	GET	/users	http://localhost:3000
20240702	15:18:16	4f7c3347-3871-45ad-8a0c-f7ad1ec53b5d	OPTIONS	/users	http://localhost:3000
20240702	15:18:16	4e05f4cc-6384-4469-acc7-295759576669	POST	/users	http://localhost:3000
20240702	15:18:16	7932ee52-37fe-4290-a5df-c21567e0ccb6	OPTIONS	/auth	http://localhost:3000
20240702	15:18:16	bf067d87-a843-4699-9f68-d7613dc42aad	POST	/auth	http://localhost:3000
20240702	15:18:56	8e07bd3e-eba4-461c-b187-12d998d517de	OPTIONS	/users	http://localhost:3000
20240702	15:18:56	73dc86e5-8a28-4629-a94d-267fc2becd18	POST	/users	http://localhost:3000
20240702	15:19:02	1c47e66b-d056-4ca1-9f98-5643cee161df	OPTIONS	/users	http://localhost:3000
20240702	15:19:02	0425bac0-7274-493a-95b2-d39ec9bfe545	POST	/users	http://localhost:3000
20240702	15:19:02	7d96f7d6-ce3b-4ffc-bfc4-3a9cdfea5a2c	OPTIONS	/auth	http://localhost:3000
20240702	15:19:02	3176a8ef-2da8-4e45-af02-208a69df5418	POST	/auth	http://localhost:3000
20240702	15:19:07	0ef259be-b304-434c-a132-116452e79cee	POST	/users	http://localhost:3000
20240702	15:19:07	fd64a98b-7fb1-47b9-b79a-7fc5e5e03398	POST	/auth	http://localhost:3000
20240702	15:19:13	43357d98-289c-4bb1-9c58-50c4116d381d	OPTIONS	/users	http://localhost:3000
20240702	15:19:13	72b5a5ef-0fe7-4995-9333-882a8b9e3ca0	POST	/users	http://localhost:3000
20240702	15:19:13	3c6d1bc1-a77d-4bc7-bb3c-6a172eb00cb7	OPTIONS	/auth	http://localhost:3000
20240702	15:19:13	a95705b5-a2c2-4a5d-9bb5-16a94aab730f	POST	/auth	http://localhost:3000
20240702	15:19:58	24c2d16b-8935-4e32-bfd0-ff716ca188d6	OPTIONS	/users	http://localhost:3000
20240702	15:19:58	53ff6d3c-b73e-42b2-a36f-72e025b027ea	POST	/users	http://localhost:3000
20240702	15:19:58	643c00b6-4d22-4fae-9b1e-5460a95e5945	OPTIONS	/auth	http://localhost:3000
20240702	15:19:58	cedc0739-4d79-4394-aedc-fe4ce8131a5d	POST	/auth	http://localhost:3000
20240702	15:21:06	16898d6e-162d-429e-b885-86dbcdb42923	OPTIONS	/users	http://localhost:3000
20240702	15:21:06	8f848379-537c-4863-917f-79fc0e92a815	POST	/users	http://localhost:3000
20240702	15:21:06	704f1a50-f2af-4a03-9bbb-bf5a90145e37	OPTIONS	/auth	http://localhost:3000
20240702	15:21:06	5efe9a43-60ce-4668-bf82-ff51ae9072ea	POST	/auth	http://localhost:3000
20240702	15:21:09	b4f5a880-b84b-4094-a49f-7745c4bc4ab3	POST	/users	http://localhost:3000
20240702	15:21:09	f5b7b18b-b98c-431f-a7cd-db5bf04e83a3	POST	/auth	http://localhost:3000
20240702	15:22:05	07ccaab0-d46a-4e2f-9b37-7f866bbc173e	OPTIONS	/users	http://localhost:3000
20240702	15:22:05	be0fba7b-4620-4fba-9ea5-38b5f61f5686	POST	/users	http://localhost:3000
20240702	15:22:05	1425cbdf-0df6-44fa-802d-99cc9d82246d	OPTIONS	/auth	http://localhost:3000
20240702	15:22:05	d1090ef8-fbf4-48d8-b53f-e5466ee5c6bf	POST	/auth	http://localhost:3000
20240702	15:27:00	a53ece6f-7288-47a7-ae4f-80645d4c35dd	OPTIONS	/users	http://localhost:3000
20240702	15:27:00	e4e6ee43-7eaa-47fb-b6bf-a828980bc620	POST	/users	http://localhost:3000
20240702	15:27:00	98278305-ad45-440b-b656-99c076a871b2	OPTIONS	/auth	http://localhost:3000
20240702	15:27:00	6496cf67-aaf4-4bc0-a4b2-fa68bfa4df53	POST	/auth	http://localhost:3000
20240702	15:27:12	29f3cdcd-0e9f-4b5a-bc28-ebffd8068012	OPTIONS	/users	http://localhost:3000
20240702	15:27:12	cf90a031-5b47-4703-8e90-ef2c60e34af6	POST	/users	http://localhost:3000
20240702	15:27:12	eec7962e-5295-47d2-8801-12487b5e6f90	OPTIONS	/auth	http://localhost:3000
20240702	15:27:12	04ae7b13-332d-481b-8997-3eba9bfaf446	POST	/auth	http://localhost:3000
20240702	15:31:25	754f92d0-5351-4d83-a24c-ed6974ff26e4	OPTIONS	/users	http://localhost:3000
20240702	15:31:25	a4bec9a7-319a-48ab-8d3f-ab215cae45ae	POST	/users	http://localhost:3000
20240702	15:31:25	aa575df7-152f-4d84-9ee5-ff95071cb2cd	OPTIONS	/auth	http://localhost:3000
20240702	15:31:25	deb0f98f-2960-4615-9634-361d49a88853	POST	/auth	http://localhost:3000
20240702	15:34:15	baca1e60-9481-4198-98c7-bdd7903a0b08	OPTIONS	/users	http://localhost:3000
20240702	15:34:15	3e6c3664-7396-4b13-bd4e-37c42d8b927c	POST	/users	http://localhost:3000
20240702	15:34:15	744f851e-5378-41c4-a3bc-7a3756464eae	OPTIONS	/auth	http://localhost:3000
20240702	15:34:15	eaa3cfec-e6cc-4672-ac35-2f454a5485ab	POST	/auth	http://localhost:3000
20240702	15:35:02	83ea3c8b-6330-4244-8431-2d9b09408704	OPTIONS	/users	http://localhost:3000
20240702	15:35:02	8691918d-889e-4135-a135-ed1a982405a9	POST	/users	http://localhost:3000
20240702	15:35:03	7d0e2e9d-f36b-43b4-bcaa-4bf4da9b020c	OPTIONS	/auth	http://localhost:3000
20240702	15:35:03	65ba3d72-1fbb-4cf0-b59d-9051ff701852	POST	/auth	http://localhost:3000
20240702	15:38:53	3cf00140-810d-4f66-bbac-cb3085463080	OPTIONS	/users	http://localhost:3000
20240702	15:38:53	eb88035d-de22-4395-be71-78567d3d64cc	POST	/users	http://localhost:3000
20240702	15:38:54	a55f6726-fe5c-45ee-ba47-eadf9991d1a6	OPTIONS	/auth	http://localhost:3000
20240702	15:38:54	5e38ac02-50c0-482e-928f-e92946c2d91f	POST	/auth	http://localhost:3000
20240702	15:41:59	3b46512d-ba4b-4164-b6a1-6e550e4c6c5f	OPTIONS	/users	http://localhost:3000
20240702	15:41:59	549afee9-a08e-444a-8197-581287ec8576	POST	/users	http://localhost:3000
20240702	15:41:59	c2e62280-9600-4896-b34a-a4fea14a8c0c	OPTIONS	/auth	http://localhost:3000
20240702	15:41:59	24e0356d-9574-4d14-be66-5fac8d2b3bd4	POST	/auth	http://localhost:3000
20240702	15:42:45	fdf97339-8658-4db4-ad6f-36a88a29f19c	OPTIONS	/users	http://localhost:3000
20240702	15:42:45	c9006d55-a692-4704-b22c-68ae54444759	POST	/users	http://localhost:3000
20240702	15:42:45	a63ee66a-017d-4e99-a4f6-6aef1d88107c	OPTIONS	/auth	http://localhost:3000
20240702	15:42:45	af2b4e2f-f897-455f-ab0c-a9cf94b28eac	POST	/auth	http://localhost:3000
20240702	15:47:22	d828ea5c-fb7c-44da-9334-03ac3b7ba4c7	OPTIONS	/users	http://localhost:3000
20240702	15:47:22	8ec983df-a0c7-4a67-b904-878fbf01085b	POST	/users	http://localhost:3000
20240702	15:47:22	954f7f21-84b9-4996-97e4-c726f2419cfe	OPTIONS	/auth	http://localhost:3000
20240702	15:47:22	874fd09f-af23-428f-ab7f-a214b365a169	POST	/auth	http://localhost:3000
20240702	15:47:22	d8ea8f05-5fe3-49d5-960d-a98d2956ea23	GET	/users	http://localhost:3000
20240702	15:47:22	422819b3-a5eb-48a1-a8d8-ffe7e52d30fa	OPTIONS	/notes	http://localhost:3000
20240702	15:47:22	8149d2a3-d853-4939-a00b-2f26259cdc9f	GET	/notes	http://localhost:3000
20240702	15:50:08	f0961a9b-8ced-46af-8b04-7a4fc56f5cb5	OPTIONS	/users	http://localhost:3000
20240702	15:50:08	25cf68b1-c775-41f3-a72e-a34dc8c4b58f	POST	/users	http://localhost:3000
20240702	15:50:08	d92bca94-cc10-4491-9d7f-cd9c0ae51740	OPTIONS	/auth	http://localhost:3000
20240702	15:50:08	1c6ec4b9-ce34-4c8d-9fb1-7c52c111049e	POST	/auth	http://localhost:3000
20240702	15:51:03	c935e38c-7e85-4148-966d-c2f796d8811b	OPTIONS	/users	http://localhost:3000
20240702	15:51:03	e27dd017-6a08-472c-be82-dffdee8fe276	POST	/users	http://localhost:3000
20240702	15:51:03	4e8e16f8-037f-497a-b7b3-894e4c4482af	OPTIONS	/auth	http://localhost:3000
20240702	15:51:03	40d675d0-83fd-46e0-812a-f282259fdd1a	POST	/auth	http://localhost:3000
20240702	15:51:03	88dc7879-39cc-4549-b934-7b33d0e5f01a	GET	/users	http://localhost:3000
20240702	15:51:03	adf2eac1-31b5-47a0-9841-77e242963e51	OPTIONS	/notes	http://localhost:3000
20240702	15:51:03	bf9abc6f-8e08-4bac-9dc4-bfc6c8ef5987	GET	/notes	http://localhost:3000
20240702	15:52:27	f07e4148-2592-47fe-a8a2-506557ae3d7f	OPTIONS	/auth	http://localhost:3000
20240702	15:52:27	fc7797cd-6c9c-403b-ae4a-1824cd1987e0	POST	/auth	http://localhost:3000
20240702	15:52:28	f71dfc7e-2dbe-4409-9c2a-a59cc9a67de0	OPTIONS	/notes	http://localhost:3000
20240702	15:52:28	e9204c47-526e-44c9-9a61-d9f14e19927e	GET	/notes	http://localhost:3000
20240702	16:35:23	174f4a3b-c874-4a30-af01-7cbd3dfaea84	OPTIONS	/notes	http://localhost:3000
20240702	16:35:23	3fb34728-82a3-4fb4-b30e-e59df6459f2d	POST	/notes	http://localhost:3000
20240702	16:35:23	a9d3e24c-0ffc-47d4-b078-f620c251b9bb	OPTIONS	/auth/refresh	http://localhost:3000
20240702	16:35:23	bb22aae8-589c-4ea8-812b-0fbc50308614	GET	/auth/refresh	http://localhost:3000
20240702	16:35:23	42f31037-2be4-42cf-b3e1-3180b770724e	POST	/notes	http://localhost:3000
20240702	16:35:23	740b8b37-cc61-4df3-b6ff-a4ffedfc43d6	GET	/notes	http://localhost:3000
20240702	16:35:25	46e1987e-6be8-4d1d-9df3-0181800339ed	GET	/notes	http://localhost:3000
20240702	16:35:40	aa06f688-9682-4109-8b98-df9ecca69b30	OPTIONS	/notes	http://localhost:3000
20240702	16:35:40	839ebd13-240b-41a1-8723-9839aaa5968e	GET	/notes	http://localhost:3000
20240702	16:35:55	3ddedce5-4b9e-4095-8133-9a334771c9e5	OPTIONS	/notes	http://localhost:3000
20240702	16:35:55	12375095-17fe-450b-807f-48ce9878ddf1	GET	/notes	http://localhost:3000
20240702	16:36:10	ca93e9a1-48c2-4713-8d83-71a3db3ce92d	OPTIONS	/notes	http://localhost:3000
20240702	16:36:10	b094d025-0635-4c38-af77-b940efff1f43	GET	/notes	http://localhost:3000
20240702	16:36:25	b7abf61a-53c4-440d-b35b-d0535c437565	OPTIONS	/notes	http://localhost:3000
20240702	16:36:25	cc914976-263c-4057-a641-cab292f333b1	GET	/notes	http://localhost:3000
20240702	16:36:41	3cee0b37-031f-4622-b93f-52eb95ed94ad	OPTIONS	/notes	http://localhost:3000
20240702	16:36:41	5744d0c4-44cc-4291-b4a5-6ed1c4f800a9	GET	/notes	http://localhost:3000
20240702	16:36:56	d0267ea4-5abb-4ec5-aeec-8a4b35e60310	OPTIONS	/notes	http://localhost:3000
20240702	16:36:56	f27777f4-a752-4ca6-916a-d5dd223d74c8	GET	/notes	http://localhost:3000
20240702	16:37:11	54993c58-34cc-4d99-bcde-8c4a86c6063e	OPTIONS	/notes	http://localhost:3000
20240702	16:37:11	747423de-be95-4435-9150-a76ac1dc349f	GET	/notes	http://localhost:3000
20240702	16:37:26	c7773049-5384-495a-a8f2-31ea1866b640	OPTIONS	/notes	http://localhost:3000
20240702	16:37:26	92a7f550-d634-427d-81ef-048a02dd060a	GET	/notes	http://localhost:3000
20240702	16:37:41	9d484fff-1892-422c-9d9c-ebac191374a7	OPTIONS	/notes	http://localhost:3000
20240702	16:37:41	4852246e-62ee-4cbd-887e-af2def2c1fa4	GET	/notes	http://localhost:3000
20240702	16:37:56	b1deae75-b029-44fb-ae74-fc13348857da	OPTIONS	/notes	http://localhost:3000
20240702	16:37:56	2276bb7d-6f1f-497e-9167-59f99ff5db90	GET	/notes	http://localhost:3000
20240702	16:38:11	ffda7e0c-c85b-4c40-b650-cbc5cf62f27a	OPTIONS	/notes	http://localhost:3000
20240702	16:38:11	d7176897-8c4a-4b3f-9237-3d1595ceda43	GET	/notes	http://localhost:3000
20240702	16:38:26	ab9da1f2-1110-4dde-9daf-93f15d7ea0fc	OPTIONS	/notes	http://localhost:3000
20240702	16:38:26	14db8d33-2da8-473f-b9d8-728f0619dd14	GET	/notes	http://localhost:3000
20240702	16:38:41	3594ef2e-0775-490e-acdd-dfb1b42f15d1	OPTIONS	/notes	http://localhost:3000
20240702	16:38:41	c2eef214-3a10-4b2e-a4ed-31eda7277c48	GET	/notes	http://localhost:3000
20240702	16:38:56	e11aa386-76cc-451b-b249-ee705005270e	OPTIONS	/notes	http://localhost:3000
20240702	16:38:56	147fe246-20a8-4bc5-af9f-bf71574bc742	GET	/notes	http://localhost:3000
20240702	16:39:12	5d49bcb1-1d34-49e4-9d1f-1bcf2d095346	OPTIONS	/notes	http://localhost:3000
20240702	16:39:12	280654f1-dd4a-422d-a5b8-2f07834c62a7	GET	/notes	http://localhost:3000
20240702	16:39:27	a67cc6bc-797f-4794-8c7e-9c8e1972a25f	OPTIONS	/notes	http://localhost:3000
20240702	16:39:27	f5df8e61-bbd5-4d8b-a3df-3d23422398cc	GET	/notes	http://localhost:3000
20240702	16:39:42	05aa0db7-bae3-4cb7-abf7-adb8b1e695a0	OPTIONS	/notes	http://localhost:3000
20240702	16:39:42	6ac8f856-8c4f-4268-b4cb-479d1409b6fc	GET	/notes	http://localhost:3000
20240702	16:39:57	447bb02a-1450-4c36-a5a3-fca942313388	OPTIONS	/notes	http://localhost:3000
20240702	16:39:57	9369da13-2652-4607-ac07-d23fe782d62b	GET	/notes	http://localhost:3000
20240702	16:40:12	87620457-1102-4179-bbfd-615df6093c51	OPTIONS	/notes	http://localhost:3000
20240702	16:40:12	cbb13086-e55a-4b51-8a93-7a7c2f307e47	GET	/notes	http://localhost:3000
20240702	16:40:27	cbab50d1-b236-47fe-a5e2-c3ec10dfd930	OPTIONS	/notes	http://localhost:3000
20240702	16:40:27	709c14b0-0d66-41ab-90de-5bbcfcfc3718	GET	/notes	http://localhost:3000
20240702	16:40:43	7cf0e75a-d961-441b-aa61-e795fe10d4ce	OPTIONS	/notes	http://localhost:3000
20240702	16:40:43	3ead065d-812d-4697-98a7-ab393f208f61	GET	/notes	http://localhost:3000
20240702	16:40:58	a1b9e6a0-3625-4e69-a3ab-c39cd9fce1f6	OPTIONS	/notes	http://localhost:3000
20240702	16:40:58	f839f846-3c0c-4ce7-894b-0eb9e10ff405	GET	/notes	http://localhost:3000
20240702	16:41:13	40ad29e9-89fc-4a5a-b003-fee3e8e2dd39	OPTIONS	/notes	http://localhost:3000
20240702	16:41:13	347ae120-a680-4042-a191-edbe3e702b37	GET	/notes	http://localhost:3000
20240702	16:41:28	211764ec-d94d-4e47-8a07-285cdf19f73e	OPTIONS	/notes	http://localhost:3000
20240702	16:41:28	c864cdc3-c826-43a6-8a25-c71100213c2a	GET	/notes	http://localhost:3000
20240702	16:41:43	6f441bb1-0072-4a2d-a2f1-e7ade57235aa	OPTIONS	/notes	http://localhost:3000
20240702	16:41:43	8009af0e-37d6-4e20-b8e1-8a67033ddb93	GET	/notes	http://localhost:3000
20240702	16:41:58	fa0161ec-5c4c-4dbd-946d-23b0f640d390	OPTIONS	/notes	http://localhost:3000
20240702	16:41:58	984d9636-c435-451c-a24a-725ceec3f730	GET	/notes	http://localhost:3000
20240702	16:42:13	90dbccf5-272a-4bb1-bfbc-830c09801623	OPTIONS	/notes	http://localhost:3000
20240702	16:42:13	94b5e7bc-62d2-488e-809c-cded31a97558	GET	/notes	http://localhost:3000
20240702	16:42:29	0755df7f-5a23-4f20-989e-250ed1ae7065	OPTIONS	/notes	http://localhost:3000
20240702	16:42:29	cacb1be9-93e5-49b6-87ad-014b8df81709	GET	/notes	http://localhost:3000
20240702	16:42:44	c83eed23-9e11-49f3-99de-9cacad910512	OPTIONS	/notes	http://localhost:3000
20240702	16:42:44	b52c0005-56ec-47e8-99c3-feb0f1b216e0	GET	/notes	http://localhost:3000
20240702	16:42:59	7d563ce7-447f-4ba6-b100-738b6d29e6d3	OPTIONS	/notes	http://localhost:3000
20240702	16:42:59	69776310-c86f-4248-94bf-fac98be58797	GET	/notes	http://localhost:3000
20240702	16:43:15	4bc9d62b-a965-4b29-8c76-0efadf6c4b1c	OPTIONS	/notes	http://localhost:3000
20240702	16:43:15	9a36df3e-2cda-4d07-a32f-c7ce2ae600e9	GET	/notes	http://localhost:3000
20240702	16:43:30	8697471b-e9b6-48be-a2bf-b9d43dd21eae	OPTIONS	/notes	http://localhost:3000
20240702	16:43:30	581e8f69-2f65-453e-97b1-52f03492e8af	GET	/notes	http://localhost:3000
20240702	16:43:45	9eed4a3e-223f-44d8-9e9a-d354acd5691b	OPTIONS	/notes	http://localhost:3000
20240702	16:43:45	02f47173-aef4-4411-bd53-11166f451700	GET	/notes	http://localhost:3000
20240702	16:44:00	cc63ae81-c616-4e57-b39b-01dcca3df5bf	OPTIONS	/notes	http://localhost:3000
20240702	16:44:00	1da1636c-a38d-4f3d-b2a8-b42e5b6eb4c7	GET	/notes	http://localhost:3000
20240702	16:44:15	7a451b8e-590f-4390-a9a8-a12de3b5b119	OPTIONS	/notes	http://localhost:3000
20240702	16:44:15	20b1dfba-e522-4547-86b7-d423b3be081a	GET	/notes	http://localhost:3000
20240702	16:44:30	77033f92-0c37-4d31-8965-c9239a008fa5	OPTIONS	/notes	http://localhost:3000
20240702	16:44:30	573455b4-b894-4b90-a63e-3a0c888e5283	GET	/notes	http://localhost:3000
20240702	16:44:45	674713a8-22ef-4849-9c14-0c232031912b	OPTIONS	/notes	http://localhost:3000
20240702	16:44:45	80ee8dbb-a81d-4b0b-9299-8ab5110cbd24	GET	/notes	http://localhost:3000
20240702	16:45:00	6e5275f3-7ad9-426f-8a1d-bbc774195941	OPTIONS	/notes	http://localhost:3000
20240702	16:45:00	ef05d8e6-ff66-4391-a8da-06c9afbbf625	GET	/notes	http://localhost:3000
20240702	16:45:16	558bc91b-f321-4655-9ee8-5dc9b4c97b05	OPTIONS	/notes	http://localhost:3000
20240702	16:45:16	da3afe25-a61f-4ff8-b0a3-faa4041cd0fa	GET	/notes	http://localhost:3000
20240702	16:45:31	b05560d4-d80b-4247-abea-5008b0102a0a	OPTIONS	/notes	http://localhost:3000
20240702	16:45:31	123c760b-b7c0-46b7-b8ae-135c0f315990	GET	/notes	http://localhost:3000
20240702	16:45:46	c4621130-f008-45f1-930a-52a8a9453a82	OPTIONS	/notes	http://localhost:3000
20240702	16:45:46	76c054e6-04b2-46dc-99a2-1dee03fd5031	GET	/notes	http://localhost:3000
20240702	16:46:01	5c940c10-4518-4a11-a8d3-6d7edbb84e05	OPTIONS	/notes	http://localhost:3000
20240702	16:46:01	4d88ae3d-352c-4d69-8c5f-ebe760549e4a	GET	/notes	http://localhost:3000
20240702	16:46:16	e6d2041c-64d7-4012-9ec4-f7058a9bdf12	OPTIONS	/notes	http://localhost:3000
20240702	16:46:16	65faea7d-f8ac-4870-a39e-b320ad9f4386	GET	/notes	http://localhost:3000
20240702	16:46:31	bef783b5-4635-43b5-9da9-7935c76a1ecc	OPTIONS	/notes	http://localhost:3000
20240702	16:46:31	baab67ac-ab2d-4143-843e-ce3c4b466093	GET	/notes	http://localhost:3000
20240702	16:46:46	3cf80b95-025f-47d1-9dc7-96af253cb832	OPTIONS	/notes	http://localhost:3000
20240702	16:46:46	94770078-24d1-45b4-8a5e-1bd25c0f5ef8	GET	/notes	http://localhost:3000
20240702	16:47:01	80b999e1-1cc5-476e-abac-60f6ee66fc85	OPTIONS	/notes	http://localhost:3000
20240702	16:47:01	a260870d-a928-4469-97c1-bbd1520db5be	GET	/notes	http://localhost:3000
20240702	16:47:17	a8a6e0d8-2a96-4641-b63d-4d977ee54f98	OPTIONS	/notes	http://localhost:3000
20240702	16:47:17	83c12ef6-0692-489d-a8b5-e7e489647447	GET	/notes	http://localhost:3000
20240702	16:47:32	bed1e53b-be4e-4c02-8f08-6f822945a509	OPTIONS	/notes	http://localhost:3000
20240702	16:47:32	657efd3a-83c8-4f50-8647-46844ce9f8a0	GET	/notes	http://localhost:3000
20240702	16:47:47	a340ab32-cf57-462d-8c87-ab3adbf602cd	OPTIONS	/notes	http://localhost:3000
20240702	16:47:47	77f338f0-f68d-4961-af20-27eb3833830c	GET	/notes	http://localhost:3000
20240702	16:48:02	c83b3588-8100-4210-8208-19880244cf10	OPTIONS	/notes	http://localhost:3000
20240702	16:48:02	cc5e56f7-0c8a-403e-9e2d-4609c98ced52	GET	/notes	http://localhost:3000
20240702	16:48:17	d612b520-f06c-40b6-a627-5a7a551945a8	OPTIONS	/notes	http://localhost:3000
20240702	16:48:17	d1f01ffc-5e39-47ef-9b5e-78e06ab12a33	GET	/notes	http://localhost:3000
20240702	16:48:32	66976be3-013c-4702-8680-82f8bf259f67	OPTIONS	/notes	http://localhost:3000
20240702	16:48:32	fc9bed8b-03ed-4472-bffb-0aa9d306bc2f	GET	/notes	http://localhost:3000
20240702	16:48:47	9d01f785-9c25-4649-b084-da054330f046	OPTIONS	/notes	http://localhost:3000
20240702	16:48:47	2ca239f8-511c-4cda-a90f-f2ec77523065	GET	/notes	http://localhost:3000
20240702	16:49:02	32fc7b0a-56d8-400f-9f8e-3ed9d91b4ea6	OPTIONS	/notes	http://localhost:3000
20240702	16:49:02	039aa18a-47ae-4c49-967f-f9838388cab1	GET	/notes	http://localhost:3000
20240702	16:49:18	8d375a9e-3d81-4091-bc53-0fd618420193	OPTIONS	/notes	http://localhost:3000
20240702	16:49:18	62f130b1-75e5-42c9-9b14-d4ec50e6a922	GET	/notes	http://localhost:3000
20240702	16:49:33	97d5711d-4cf9-4279-8115-b6d0bc1b39b5	OPTIONS	/notes	http://localhost:3000
20240702	16:49:33	f159696c-d931-4a38-a505-e7b22e0eb5c4	GET	/notes	http://localhost:3000
20240702	16:49:48	523a848d-1375-406c-882e-bfecae7cb3fb	OPTIONS	/notes	http://localhost:3000
20240702	16:49:48	9cdfa66a-3e30-4508-bc73-0ffa6a30196b	GET	/notes	http://localhost:3000
20240702	16:50:03	ee5bf8fc-2064-41f0-bffd-d0df99e3ed9c	OPTIONS	/notes	http://localhost:3000
20240702	16:50:03	0655a400-2c55-40b1-8f2d-0a31ecdb5a72	GET	/notes	http://localhost:3000
20240702	16:50:18	38b489a6-215d-49bd-a649-357298bb7f10	OPTIONS	/notes	http://localhost:3000
20240702	16:50:18	bd85cdee-8e1f-403a-b371-d01b66330c9f	GET	/notes	http://localhost:3000
20240702	16:50:33	de903f72-9d33-4943-9cc3-adb9834c9e54	OPTIONS	/notes	http://localhost:3000
20240702	16:50:33	f7913034-8fa3-476d-99b2-760b08c5564c	GET	/notes	http://localhost:3000
20240702	16:50:33	5367af56-d681-4473-acb7-88e00f1bd350	OPTIONS	/auth/refresh	http://localhost:3000
20240702	16:50:33	7ef510f0-6f75-473f-936d-e0dbd99e29c3	GET	/auth/refresh	http://localhost:3000
20240702	16:50:33	7dd57271-0e3c-4ca8-9c94-6b69986145ac	GET	/notes	http://localhost:3000
20240702	16:50:48	606626bb-cdf5-42bb-aa58-b23d68bfa840	OPTIONS	/notes	http://localhost:3000
20240702	16:50:48	42c3acf7-b7d1-4501-a921-56ba49c2b8ff	GET	/notes	http://localhost:3000
20240702	16:51:03	190e1455-6adf-488a-b21b-0e7086b63729	OPTIONS	/notes	http://localhost:3000
20240702	16:51:03	32cb8cdf-f247-4f1f-a5fd-81a4230492e9	GET	/notes	http://localhost:3000
20240702	16:51:19	1e729152-cfd6-4a55-9b05-ce6a2ac069ef	OPTIONS	/notes	http://localhost:3000
20240702	16:51:19	d4ca27ca-3d27-4f52-9269-9ba396f47941	GET	/notes	http://localhost:3000
20240702	16:51:34	25fce32b-2fda-48e0-8e97-2b8e08fff58c	OPTIONS	/notes	http://localhost:3000
20240702	16:51:34	23f88f93-a975-4bd6-ae51-43d8eddd9c7f	GET	/notes	http://localhost:3000
20240702	16:51:49	49ed535a-f8a6-4bf2-831f-0202360e9de8	OPTIONS	/notes	http://localhost:3000
20240702	16:51:49	dfc1ef31-75f7-48c4-b6aa-c7197db54386	GET	/notes	http://localhost:3000
20240702	16:52:04	6f0d30e3-d256-438a-87c7-5b7e0096c5ee	OPTIONS	/notes	http://localhost:3000
20240702	16:52:04	cf6fe6de-5816-4e17-9af4-f8e63019dc1e	GET	/notes	http://localhost:3000
20240702	16:52:19	40fc4499-3995-48a8-b4a4-bd43bd39064c	OPTIONS	/notes	http://localhost:3000
20240702	16:52:19	9b97f05a-1e7f-4317-acc1-219ceddb8529	GET	/notes	http://localhost:3000
20240702	16:52:34	83a610f3-a8fb-4bfd-b484-55aa671485b1	OPTIONS	/notes	http://localhost:3000
20240702	16:52:34	e37fb45d-eb3d-40ca-a5f1-e091c4c01b2b	GET	/notes	http://localhost:3000
20240702	16:52:49	69ef0194-57fe-4479-99b8-0157f46b6f9f	OPTIONS	/notes	http://localhost:3000
20240702	16:52:49	76885ffd-36b2-4c16-8f44-9663f0550ac5	GET	/notes	http://localhost:3000
20240702	16:53:04	d4ddf1f7-42a1-40fa-aa3b-c9c1ef04d1dd	OPTIONS	/notes	http://localhost:3000
20240702	16:53:04	9a5d2d2a-81c0-4883-9ade-4158155bb0f1	GET	/notes	http://localhost:3000
20240702	16:53:19	620637ed-9588-4233-abe5-17174d2fabf3	OPTIONS	/notes	http://localhost:3000
20240702	16:53:19	e0bd51ac-6769-49a3-82c7-5efcceec69c2	GET	/notes	http://localhost:3000
20240702	16:53:34	23700a85-31af-4495-9f2d-2beef72b350e	OPTIONS	/notes	http://localhost:3000
20240702	16:53:34	c06816e0-6123-4680-abda-f7c6e6f28774	GET	/notes	http://localhost:3000
20240702	16:53:49	09700901-e3d3-4c74-ad9d-fb9b14ac0170	OPTIONS	/notes	http://localhost:3000
20240702	16:53:49	f85d629f-da05-4daa-92d4-7fb6d0658dfd	GET	/notes	http://localhost:3000
20240702	16:54:05	3314105f-59cc-487d-a99b-8b457b42dc0c	OPTIONS	/notes	http://localhost:3000
20240702	16:54:05	4123c605-f64e-4cd3-a41f-787a41d3780c	GET	/notes	http://localhost:3000
20240702	16:59:26	01b35c2c-2b69-4d8c-a8f2-c0940f3d2fad	OPTIONS	/notes	http://localhost:3000
20240702	16:59:26	2986b210-1c01-41ee-9b38-6b5ca140a118	GET	/notes	http://localhost:3000
20240702	16:59:42	20b9a8d8-9983-4a20-aabf-b86e3a9807dc	OPTIONS	/notes	http://localhost:3000
20240702	16:59:42	8d9f5067-5d79-4b34-a32e-52b7a664cfb8	GET	/notes	http://localhost:3000
20240702	16:59:57	ab38bf11-bd96-47aa-a5d0-a6366388fb16	OPTIONS	/notes	http://localhost:3000
20240702	16:59:57	5560119f-3566-4938-9eb4-7d21ae54c87f	GET	/notes	http://localhost:3000
20240702	17:00:12	79ea9543-fa7f-4d87-8f56-0b1231df30f4	OPTIONS	/notes	http://localhost:3000
20240702	17:00:12	95496cb3-7211-4f5b-b136-b428ccca823f	GET	/notes	http://localhost:3000
20240702	17:00:27	cc93de10-5026-4689-9822-4e4c2d23f446	OPTIONS	/notes	http://localhost:3000
20240702	17:00:27	f76624c4-02a7-4af9-9ac5-2c4c333da3c2	GET	/notes	http://localhost:3000
20240702	17:00:42	77c47f97-b630-4b78-9fec-d2374fc9e4bd	OPTIONS	/notes	http://localhost:3000
20240702	17:00:42	b00df148-e840-44f1-9814-d2da5498a9d8	GET	/notes	http://localhost:3000
20240702	17:00:57	c8ba9ae9-f34c-489c-bf40-98eea7525a7f	OPTIONS	/notes	http://localhost:3000
20240702	17:00:57	455db14c-8c0f-459f-8704-2cd2f56ae2dc	GET	/notes	http://localhost:3000
20240702	17:01:12	3200b11e-47d5-4ab7-8d64-94b10510c71a	OPTIONS	/notes	http://localhost:3000
20240702	17:01:12	926b0755-9cb0-4c66-818f-c5ae97d1b470	GET	/notes	http://localhost:3000
20240702	17:01:27	03063a1e-416b-480c-ae73-437f14b01cd3	OPTIONS	/notes	http://localhost:3000
20240702	17:01:27	af7eb6b6-cfa7-4d3e-b86b-0f3d363df160	GET	/notes	http://localhost:3000
20240702	17:02:47	519e20a4-4f96-4bbd-81d6-41f6e3b7e82c	OPTIONS	/auth	http://localhost:3000
20240702	17:02:47	a7e83b77-5b87-46ee-9fad-44a3b4a8767e	POST	/auth	http://localhost:3000
20240702	17:02:47	81732b72-ae84-4a50-bd50-7f595ef25abf	OPTIONS	/users	http://localhost:3000
20240702	17:02:47	e37b5636-889a-4d5b-a7cf-9877f78300e3	GET	/users	http://localhost:3000
20240702	17:03:10	baa066f7-b47e-41ba-867d-3e5a742eb3bb	OPTIONS	/users	http://localhost:3000
20240702	17:03:10	fd184ac0-3c44-4c25-82db-6f45fd3c6b75	GET	/users	http://localhost:3000
20240702	17:24:01	56d169cc-c0d4-49cf-9651-44b19c77ddb4	OPTIONS	/auth	http://localhost:3000
20240702	17:24:01	917ba0d9-923f-4ee8-beab-1c4660b3db7c	POST	/auth	http://localhost:3000
20240702	17:24:01	cb5084f8-9388-47ed-9287-4b36a59e06c8	OPTIONS	/users	http://localhost:3000
20240702	17:24:01	b262b56a-fd90-4209-a3c3-80477a108ac9	GET	/users	http://localhost:3000
20240702	17:24:17	840dc4d6-cd76-47c8-bd55-a6795bcb512d	OPTIONS	/users	http://localhost:3000
20240702	17:24:17	eabea9b0-3367-496d-8a6f-14cb1e3208ba	POST	/users	http://localhost:3000
20240702	17:24:17	bd7ac4a1-f033-4e9f-803b-1c954eefff93	OPTIONS	/auth	http://localhost:3000
20240702	17:24:17	94f54f3d-469d-4a1b-96ad-3cfa340eb555	POST	/auth	http://localhost:3000
20240702	17:24:18	a6d7650f-9284-4abf-879a-b5f5dadd1e65	GET	/users	http://localhost:3000
20240702	17:51:04	1667b243-348d-4ad7-a510-9dddc26611ed	POST	/users	undefined
20240702	17:53:12	c1a32d26-4759-4230-9caf-841e0125a844	POST	/scores	undefined
20240702	17:56:47	c95462d7-baf7-4bfd-869b-525ec79450a0	POST	/scores	undefined
20240702	17:59:17	06a8bcb1-fdf1-499d-b45f-35deca129c61	POST	/scores	undefined
20240702	17:59:31	83a1c271-3d32-45bc-ba4f-bd83d1346ae8	GET	/scores	undefined
20240702	17:59:54	95f28864-867f-4c2a-87ed-c6b45da4a91a	OPTIONS	/scores	http://localhost:3000
20240702	17:59:54	a421c030-9f21-4bc8-be9d-489f718bf183	GET	/scores	http://localhost:3000
20240702	17:59:54	be38fe1b-5109-4320-a96d-e1bbab839b12	OPTIONS	/auth/refresh	http://localhost:3000
20240702	17:59:54	0aa11697-5792-4ff1-8c2c-2830c15eba23	GET	/auth/refresh	http://localhost:3000
20240702	17:59:54	3c907866-8136-47dd-8fc1-2fee6e7392a1	GET	/scores	http://localhost:3000
20240702	18:00:54	e59be3e1-6a9b-470a-a9ea-613c68e1fc8f	OPTIONS	/scores	http://localhost:3000
20240702	18:00:54	a860ea84-a6da-4dee-b5c4-b3d8f8ab1039	GET	/scores	http://localhost:3000
20240702	18:01:14	83bee8ac-90f0-4c90-af40-342686b432bf	OPTIONS	/scores	http://localhost:3000
20240702	18:01:14	2eb32dc8-5569-414e-9b9d-50499afd15a1	GET	/scores	http://localhost:3000
20240702	18:02:14	50fe9834-67a7-4e85-bf99-6ae0f77c62be	OPTIONS	/scores	http://localhost:3000
20240702	18:02:14	c262a651-485e-4bc2-8285-a9b865a8e9cc	GET	/scores	http://localhost:3000
20240702	18:02:47	31d68967-c54a-4599-bae0-092ee60074c5	OPTIONS	/scores	http://localhost:3000
20240702	18:02:47	cbf85267-0054-48f1-857a-b8a5aa131116	GET	/scores	http://localhost:3000
20240702	18:03:03	12a081c1-f1b8-42c2-904d-c70625a6c483	OPTIONS	/scores	http://localhost:3000
20240702	18:03:03	b6534590-d0b7-454b-967e-9fc02e0ee40c	GET	/scores	http://localhost:3000
20240702	18:06:53	1d3de7f8-a073-4620-9da1-4894553fbe67	OPTIONS	/auth	http://localhost:3000
20240702	18:06:53	e415f3cb-811f-4791-910d-16ec3813240e	POST	/auth	http://localhost:3000
20240702	18:06:53	b36590b8-4513-417e-8916-c1453b02c976	OPTIONS	/users	http://localhost:3000
20240702	18:06:53	9a9cf372-a145-466d-ba0f-8aca38dd6894	GET	/users	http://localhost:3000
20240702	18:06:56	624ed19f-b2fc-47d7-bc4a-3b27623f1186	OPTIONS	/scores	http://localhost:3000
20240702	18:06:56	0148b23f-c351-43d9-8b1b-69d0b4e81d6f	GET	/scores	http://localhost:3000
20240702	18:07:00	db431453-792a-4559-900f-1d764abdc22b	OPTIONS	/users	http://localhost:3000
20240702	18:07:00	a1ead18e-6a3b-4f74-beb4-5a5e0dd57e49	GET	/users	http://localhost:3000
20240702	18:07:03	5ec6d8aa-87f1-419a-8e16-3ca0b781207f	OPTIONS	/scores	http://localhost:3000
20240702	18:07:03	f5d5d9d3-6600-4cd0-953e-229607629f13	GET	/scores	http://localhost:3000
20240702	18:07:09	e4739b16-4525-4d31-bb2b-92dcd938b210	OPTIONS	/scores	http://localhost:3000
20240702	18:07:09	4e828c26-67e8-4112-a575-03e3ebb4dd57	GET	/scores	http://localhost:3000
20240702	18:08:09	810e229e-e262-4786-9580-6fa4a20f6829	OPTIONS	/scores	http://localhost:3000
20240702	18:08:09	8f67e1a1-ce82-450b-8389-1f9e06c9d75a	GET	/scores	http://localhost:3000
20240702	18:09:09	8d17455f-298b-4d05-a903-65aed4104356	OPTIONS	/scores	http://localhost:3000
20240702	18:09:09	246a9e2b-9537-49f9-bb6f-edce70c98e87	GET	/scores	http://localhost:3000
20240702	18:10:09	09f22a15-93e5-43aa-a31d-c292778a53c7	OPTIONS	/scores	http://localhost:3000
20240702	18:10:09	aaec1f78-179a-449e-b2df-bbd3de1135c5	GET	/scores	http://localhost:3000
20240702	18:10:25	c39df55f-c48a-43d2-ba89-148c4b720e7d	OPTIONS	/scores	http://localhost:3000
20240702	18:10:25	ecda66b4-bae0-438b-8c98-54705f2da2d9	GET	/scores	http://localhost:3000
20240702	18:10:26	042de424-2d9d-431d-8485-63e270e4fbea	GET	/scores	http://localhost:3000
20240702	18:10:30	ec6b7d46-4c57-46cc-a490-0e672da670d0	OPTIONS	/auth	http://localhost:3000
20240702	18:10:30	fbe916fe-9f6d-48fa-b404-7c95449e4de3	POST	/auth	http://localhost:3000
20240702	18:10:30	e14b357d-f260-44a2-81ea-a6190bafc214	OPTIONS	/users	http://localhost:3000
20240702	18:10:30	81d618c2-c933-4566-916b-1d47a18bb599	GET	/users	http://localhost:3000
20240702	18:10:32	44a6c486-159f-4804-b359-424c05d96d83	OPTIONS	/scores	http://localhost:3000
20240702	18:10:32	7d1b7ff1-1a83-4ca2-972b-622cd8f52153	GET	/scores	http://localhost:3000
20240702	18:10:44	adc25348-1bf8-4d00-9edd-c6283d21cd56	OPTIONS	/scores	http://localhost:3000
20240702	18:10:44	9cd5e4d3-6f07-4a27-8da0-673dd4c8769d	GET	/scores	http://localhost:3000
20240702	18:11:10	d315046b-4b7d-4b90-bd89-61d9202f9b51	OPTIONS	/scores	http://localhost:3000
20240702	18:11:10	47ffad97-f4a5-458b-9d27-b9f156db8f09	GET	/scores	http://localhost:3000
20240702	18:12:10	fa8cc124-76b8-4ff7-8b56-cfb336fa7b4a	OPTIONS	/scores	http://localhost:3000
20240702	18:12:10	e0d1ca11-7d9f-450f-9714-5058573c083a	GET	/scores	http://localhost:3000
20240702	18:13:10	a0280778-67a8-4c9f-ba07-2cb71c1caf99	OPTIONS	/scores	http://localhost:3000
20240702	18:13:10	1d03b895-a273-45d8-9ed8-501c65d23578	GET	/scores	http://localhost:3000
20240702	18:14:10	5f598ad7-0143-4cf2-9c28-9dc5a9a7b4d9	OPTIONS	/scores	http://localhost:3000
20240702	18:14:10	2fd91116-84f8-4421-996c-ea3fd89b8a48	GET	/scores	http://localhost:3000
20240702	18:15:10	06a873ab-3f75-47e8-aff0-319b0eb4b049	OPTIONS	/scores	http://localhost:3000
20240702	18:15:10	a02d7498-c83a-4371-b0c5-bfb82701f1bf	GET	/scores	http://localhost:3000
20240702	18:16:11	72f3411b-526c-480c-9c7f-ba269facf737	OPTIONS	/scores	http://localhost:3000
20240702	18:16:11	15b02151-9c7b-4c3a-8dec-9a353a7dbb6b	GET	/scores	http://localhost:3000
20240702	18:17:11	c5caa5e8-d68e-46dc-a8f9-748fad8361ef	OPTIONS	/scores	http://localhost:3000
20240702	18:17:11	3a3ca27b-ff05-40da-b0ad-ecc2ff6fd6da	GET	/scores	http://localhost:3000
20240702	18:18:11	67e287b6-c580-46c2-b6ef-067bcabf5195	OPTIONS	/scores	http://localhost:3000
20240702	18:18:11	391c1664-6c10-40b5-b970-435a3c0b0f1f	GET	/scores	http://localhost:3000
20240702	18:19:11	a7b10b41-dca2-42bd-a5d4-9cbaaacbe8a1	OPTIONS	/scores	http://localhost:3000
20240702	18:19:11	540cc31e-af41-4745-899a-39477d09e472	GET	/scores	http://localhost:3000
20240702	18:20:11	ee3ff1ce-a892-4380-a8f4-63ff18691b5f	OPTIONS	/scores	http://localhost:3000
20240702	18:20:11	9d7e4375-07b8-4d8e-9e4a-a7a97fae494d	GET	/scores	http://localhost:3000
20240702	18:21:11	af1b3638-eb38-4997-9be0-2e52155b89aa	OPTIONS	/scores	http://localhost:3000
20240702	18:21:11	5f3184db-b0e3-4736-9f88-47db45d185e4	GET	/scores	http://localhost:3000
20240702	18:22:11	120f298c-640f-4c51-9a33-67dd0e2c94a7	OPTIONS	/scores	http://localhost:3000
20240702	18:22:11	411a1c5d-cd6e-4982-89f0-5104fb9d7aba	GET	/scores	http://localhost:3000
20240702	18:23:12	f505bf1a-0ae6-4388-8c1b-5f9e201d1f27	OPTIONS	/scores	http://localhost:3000
20240702	18:23:12	038bd08b-78bb-4ea2-866d-370e54ee2f97	GET	/scores	http://localhost:3000
20240702	18:24:12	a1eea86c-db2d-4408-a732-c66d604bbe82	OPTIONS	/scores	http://localhost:3000
20240702	18:24:12	3ac951a0-d835-4450-8ebb-0a3e54fc5c6c	GET	/scores	http://localhost:3000
20240702	18:25:12	b8f1029f-e1d8-4742-b51c-fd90bb6784be	OPTIONS	/scores	http://localhost:3000
20240702	18:25:12	317d5574-c6b8-463a-84f9-ad4f47965f53	GET	/scores	http://localhost:3000
20240702	18:26:12	dbe6fe38-b713-44c4-82c5-bad8305f3c45	OPTIONS	/scores	http://localhost:3000
20240702	18:26:12	d2f414c5-658f-41ee-abc8-87bd73a5ce72	GET	/scores	http://localhost:3000
20240702	18:26:12	e9f4c15a-336d-4da5-9522-578e2cf06d3d	OPTIONS	/auth/refresh	http://localhost:3000
20240702	18:26:12	8613ca61-fbf8-4e6f-b0d5-90e61be9f7e6	GET	/auth/refresh	http://localhost:3000
20240702	18:26:12	29c1eb6b-8a59-4175-86f2-932d139631b9	GET	/scores	http://localhost:3000
20240702	18:27:12	00a169b9-ad53-40dc-a158-d5442fa79f3b	OPTIONS	/scores	http://localhost:3000
20240702	18:27:12	d5d55119-70fa-4707-a377-a489fee0c3e7	GET	/scores	http://localhost:3000
20240702	18:28:12	151f9a83-ffb2-40dd-821e-b37360d96cd0	OPTIONS	/scores	http://localhost:3000
20240702	18:28:12	084df6d0-478e-4946-8605-4108e085dabb	GET	/scores	http://localhost:3000
20240702	18:29:12	d6c53dc4-bf06-4cff-80b1-79808c3db0ef	OPTIONS	/scores	http://localhost:3000
20240702	18:29:12	254598b5-1a27-4954-84e3-0aa2b433b45a	GET	/scores	http://localhost:3000
20240702	18:30:12	89531017-b2f0-4320-aadf-5e014d71b09b	OPTIONS	/scores	http://localhost:3000
20240702	18:30:12	ee6356b0-5a71-4e79-a011-3e96fc3a71a8	GET	/scores	http://localhost:3000
20240702	18:31:12	6f6a60e8-0da9-4fe3-83f5-e9a877b5aaa8	OPTIONS	/scores	http://localhost:3000
20240702	18:31:12	6700ee2a-a707-4d2f-ba1d-0b55efcafcc7	GET	/scores	http://localhost:3000
20240702	18:32:12	381b02c9-8d20-4247-871e-3446bcaa37a5	OPTIONS	/scores	http://localhost:3000
20240702	18:32:12	eefd99b0-2eae-4842-9c53-e41cd85ba3e0	GET	/scores	http://localhost:3000
20240702	18:33:13	57cdd46b-36f1-48ed-ad16-d5ff7df6c45b	OPTIONS	/scores	http://localhost:3000
20240702	18:33:13	960785ef-516d-46d9-89f2-fdecd85d995c	GET	/scores	http://localhost:3000
20240702	18:34:13	fecfc88c-6a63-4d44-9b75-80d8d0bb9196	OPTIONS	/scores	http://localhost:3000
20240702	18:34:13	fe42d228-f164-4127-bff7-99b01941c0b6	GET	/scores	http://localhost:3000
20240702	18:35:13	3061c154-69fd-4a0c-a83a-7176faea78d8	OPTIONS	/scores	http://localhost:3000
20240702	18:35:13	4a32e7b9-7843-4cd6-a6e9-2336bbaa5876	GET	/scores	http://localhost:3000
20240702	18:36:13	83989572-db8c-4350-a127-2c14e61132e0	OPTIONS	/scores	http://localhost:3000
20240702	18:36:13	b1aaba2b-8a11-4841-98a6-9775ea00e1d6	GET	/scores	http://localhost:3000
20240702	18:37:13	dbbb4458-b49b-484f-bfa5-71f144ac6131	OPTIONS	/scores	http://localhost:3000
20240702	18:37:13	67a07d28-81c8-4424-aa47-9759a357cccf	GET	/scores	http://localhost:3000
20240702	18:38:13	6850494c-129b-4fb8-9e13-b9c4494696b5	OPTIONS	/scores	http://localhost:3000
20240702	18:38:13	b915c12e-7967-4289-bc30-2efd6b834925	GET	/scores	http://localhost:3000
20240702	18:39:13	d033d761-8690-4c0c-9988-d89977fd8713	OPTIONS	/scores	http://localhost:3000
20240702	18:39:13	58d2e64e-9e16-412a-a61b-c79697e91146	GET	/scores	http://localhost:3000
20240702	18:39:45	402e72ef-0e9e-4d86-be44-9bc4a6e257c6	GET	/scores	undefined
20240702	18:40:13	9a12cabc-cc81-45ae-b5c0-54c6f5189a8a	OPTIONS	/scores	http://localhost:3000
20240702	18:40:13	6b024f9f-55b7-488f-b6b6-0e7b4a641405	GET	/scores	http://localhost:3000
20240702	18:41:14	1f737ea2-9c19-419e-a2b4-cf5a7a73c804	OPTIONS	/scores	http://localhost:3000
20240702	18:41:14	dd2020d0-f5f6-42b9-a015-15ed7ec79161	GET	/scores	http://localhost:3000
20240702	18:41:14	3a6cb5ee-4a7f-4c8d-9d77-b0e5beffa6e3	OPTIONS	/auth/refresh	http://localhost:3000
20240702	18:41:14	46af9b9f-2911-4b2b-82a5-c0dfad82aa2a	GET	/auth/refresh	http://localhost:3000
20240702	18:41:14	d85bf3c4-eb18-408a-a227-3637d6dd47cc	GET	/scores	http://localhost:3000
20240702	18:42:14	7f0c1ae9-6733-48dc-b51f-c6bab8296872	OPTIONS	/scores	http://localhost:3000
20240702	18:42:14	2dbebf88-39ce-42f5-bc92-a0016655da06	GET	/scores	http://localhost:3000
20240702	18:43:14	d094a3a8-3f1f-4821-a76c-55669e2bc8dc	OPTIONS	/scores	http://localhost:3000
20240702	18:43:14	e3d29c26-456a-4d77-85b7-7313d7663b72	GET	/scores	http://localhost:3000
20240702	18:43:44	c9bd112d-ecdc-43a1-9960-f6fdbb5e9c83	OPTIONS	/scores	http://localhost:3000
20240702	18:43:44	5d7e91d5-3ebf-4255-8345-b6b16f21c548	GET	/scores	http://localhost:3000
20240702	18:44:44	25b7be8d-7c73-4f06-8666-1be120a84e18	OPTIONS	/scores	http://localhost:3000
20240702	18:44:44	36c52161-2121-4be8-8dff-fbff36d1f89b	GET	/scores	http://localhost:3000
20240702	18:45:34	bb1160dd-f0e1-4fb1-b328-aedd9e9e16ef	OPTIONS	/scores	http://localhost:3000
20240702	18:45:34	369a5b38-6e11-467c-9b94-2f66a1ec7ba3	GET	/scores	http://localhost:3000
20240702	18:46:32	d6d322d3-7919-4642-99a6-a1fc364dbb5f	OPTIONS	/scores	http://localhost:3000
20240702	18:46:32	e1278e54-9b50-486d-b316-c57a3050fd4a	GET	/scores	http://localhost:3000
20240702	18:46:35	44f8b3a1-a95a-4348-b25e-8948e8e94a2b	OPTIONS	/auth	http://localhost:3000
20240702	18:46:35	cc05ba73-3c17-421a-9d73-13cb3ee68145	POST	/auth	http://localhost:3000
20240702	18:46:35	4b729cc1-02b3-4818-817c-dae6c6124233	OPTIONS	/users	http://localhost:3000
20240702	18:46:35	35adaa56-d773-44c0-aaaf-477f33aa84bd	GET	/users	http://localhost:3000
20240702	18:46:37	98cc203d-a341-4e9f-9d5e-12f678498330	GET	/scores	http://localhost:3000
20240702	18:47:13	a9dd5a74-2b55-49cd-b679-577234eb2b75	OPTIONS	/scores	http://localhost:3000
20240702	18:47:13	4a60d379-8ec6-4267-ba6a-51f42db06bc9	GET	/scores	http://localhost:3000
20240702	18:47:22	a9893e9b-7273-4008-9357-4e008600aead	OPTIONS	/auth	http://localhost:3000
20240702	18:47:22	ea22e3ae-94ca-4dc0-86e6-a50d92cd4db5	POST	/auth	http://localhost:3000
20240702	18:47:23	8ace6a91-954c-48be-a7a3-cb8cc6ff739d	OPTIONS	/users	http://localhost:3000
20240702	18:47:23	748c4a83-2157-4613-88c7-7d604bbdcccb	GET	/users	http://localhost:3000
20240702	18:47:26	389da250-124c-4d52-8dae-f704108bf66c	OPTIONS	/scores	http://localhost:3000
20240702	18:47:26	d9033ed3-0c68-43cb-897e-7411af5680fe	GET	/scores	http://localhost:3000
20240702	18:47:47	75bea53b-c9f5-4de4-b0b3-6c867bc082be	OPTIONS	/scores	http://localhost:3000
20240702	18:47:47	63ce817e-dfe0-4906-8542-0b2d2323d529	GET	/scores	http://localhost:3000
20240702	18:48:01	7fa95273-0424-4484-b049-8471a7b68798	OPTIONS	/auth	http://localhost:3000
20240702	18:48:01	fcac2cbc-d029-43b4-b3aa-8ceacb072dd0	POST	/auth	http://localhost:3000
20240702	18:48:01	2ac0184e-ee7a-4e64-b207-b51f92bc1e7e	OPTIONS	/users	http://localhost:3000
20240702	18:48:01	a61fc8b7-5c4f-4a0a-ac59-601309bf2c57	GET	/users	http://localhost:3000
20240702	18:48:02	e4840e57-e4f8-4cd3-80f5-1076112bc6cd	OPTIONS	/scores	http://localhost:3000
20240702	18:48:02	e096d017-e49c-41b1-ada8-c58ec1568215	GET	/scores	http://localhost:3000
20240702	18:49:02	204a8d5d-ffe2-45cd-88d3-a6569bf7a34d	OPTIONS	/scores	http://localhost:3000
20240702	18:49:02	2fc3c1ed-a68c-4890-ae2e-27854e54a067	GET	/scores	http://localhost:3000
20240702	18:50:02	00c85bcf-0f3e-43bd-9b5e-7cb1e8ee2936	OPTIONS	/scores	http://localhost:3000
20240702	18:50:02	1919da8d-63f5-46f3-9a48-81ef7bb092d2	GET	/scores	http://localhost:3000
20240702	18:51:03	3d3893d4-9833-4391-8b77-fea7031610e3	OPTIONS	/scores	http://localhost:3000
20240702	18:51:03	fa338afb-d22e-4911-b93d-e339508f4a4d	GET	/scores	http://localhost:3000
20240702	18:52:03	68f434fa-c20c-44e2-9874-96a50b60818e	OPTIONS	/scores	http://localhost:3000
20240702	18:52:03	130f4a2f-337a-49e6-8db1-c346db0ea60a	GET	/scores	http://localhost:3000
20240702	18:52:10	c8087b28-3485-440c-bbdf-c4100db6d30e	OPTIONS	/scores	http://localhost:3000
20240702	18:52:10	93d1a559-c0f9-4bcb-9e85-a07706c03c45	GET	/scores	http://localhost:3000
20240702	18:52:41	6cb11eba-d24e-4f0e-b12f-b0cb05cee026	OPTIONS	/scores	http://localhost:3000
20240702	18:52:41	3758d534-6d6e-414a-94b8-c26309380c09	GET	/scores	http://localhost:3000
20240702	18:52:45	624c1e9d-65be-4e79-b040-ce6ee23a5a05	GET	/scores	http://localhost:3000
20240702	18:52:49	de92c7b3-c9e2-4708-b4f2-1f0fb3140b50	OPTIONS	/scores	http://localhost:3000
20240702	18:52:49	889b60aa-6f2f-4bd1-bd7d-b7778c225304	GET	/scores	http://localhost:3000
20240702	18:53:24	3d08e1de-5585-4a86-b9b9-da9101381696	OPTIONS	/scores	http://localhost:3000
20240702	18:53:24	144233a9-8b9d-4a13-a2ea-bf8e49a54cec	GET	/scores	http://localhost:3000
20240702	18:54:21	e7aa038f-3744-47db-a4c5-56b0091da546	OPTIONS	/scores	http://localhost:3000
20240702	18:54:21	b09692f4-45da-4766-88b2-01210b0f8d25	GET	/scores	http://localhost:3000
20240702	18:55:01	eb991733-800a-40c1-9cde-9a8dff5d4115	OPTIONS	/scores	http://localhost:3000
20240702	18:55:01	f81ebd2c-8e26-4616-92a8-f7620d9d3b3a	GET	/scores	http://localhost:3000
20240702	18:55:03	808539c3-d4ad-4b9e-8ca5-7ab3f4a42efa	GET	/auth/refresh	http://localhost:3000
20240702	18:55:03	143faf12-b4e0-460b-98b0-2a4d67a789ce	GET	/scores	http://localhost:3000
20240702	18:55:03	9e4f0510-0fb2-42d3-962f-de788a8d6ae2	OPTIONS	/users	http://localhost:3000
20240702	18:55:03	ff7778dd-8141-4ade-9857-08881417b4cd	GET	/users	http://localhost:3000
20240702	18:56:04	6d84e5f9-4161-4419-b5d9-d50812c1eb30	OPTIONS	/scores	http://localhost:3000
20240702	18:56:04	5a95d6b1-66d5-49ab-bdb6-86f2a288bee5	GET	/scores	http://localhost:3000
20240702	18:57:04	4d9a46d9-46e0-4da4-a760-e348fe5cef7b	OPTIONS	/scores	http://localhost:3000
20240702	18:57:04	bb89feac-f1d5-4499-bcb8-653063162496	GET	/scores	http://localhost:3000
20240702	18:57:30	b3591d22-012f-4711-bea1-27a24546f649	OPTIONS	/scores	http://localhost:3000
20240702	18:57:30	b4b94c68-3015-4c18-91da-54b15051f09e	GET	/scores	http://localhost:3000
20240702	18:57:40	d37d9f69-84c9-4a4f-9266-de6c8a6859c0	OPTIONS	/scores	http://localhost:3000
20240702	18:57:40	a13c6d97-4f66-40ea-b919-a99248670862	GET	/scores	http://localhost:3000
20240702	18:57:41	c35f7f1b-fc82-4eb2-ba27-9bff3d884435	GET	/auth/refresh	http://localhost:3000
20240702	18:57:41	27f2b4af-1a59-49ed-b1a0-63d5a03094e1	GET	/scores	http://localhost:3000
20240702	18:57:41	0ed6c4fb-c5e6-4790-b45c-af03cce2a8d2	OPTIONS	/users	http://localhost:3000
20240702	18:57:41	aa4147f3-644d-4287-a9e0-869e205de748	GET	/users	http://localhost:3000
20240702	18:58:42	5f03ab9d-c4c4-4ec4-9e08-2ae560695079	OPTIONS	/scores	http://localhost:3000
20240702	18:58:42	6b0d384e-912f-4533-bede-7297164fc42e	GET	/scores	http://localhost:3000
20240702	18:58:45	14a567d5-9ed3-4b0e-919a-de3d8fe979b5	GET	/scores	http://localhost:3000
20240702	18:58:48	18478689-b5c4-41fe-add7-573fe212a30d	OPTIONS	/users	http://localhost:3000
20240702	18:58:48	6af06e29-8ae5-4b3f-becc-44cce5203c3f	GET	/users	http://localhost:3000
20240704	14:35:07	a3297f49-b776-4594-a98d-28e51b55eea9	OPTIONS	/auth	http://localhost:3000
20240704	14:35:07	52240ddc-7078-44d9-96d9-f0c51c784fa0	POST	/auth	http://localhost:3000
20240704	14:35:07	7d3df86f-5b65-423e-990b-f8895f851ac0	OPTIONS	/users	http://localhost:3000
20240704	14:35:07	1d4b3891-97cd-4f05-b641-7bd83edba1de	GET	/users	http://localhost:3000
20240704	14:40:35	df3ac114-ef61-45b4-abee-091be39dfb02	OPTIONS	/users	http://localhost:3000
20240704	14:40:35	8d54775a-fb3f-4ee2-871f-bf65df169755	GET	/users	http://localhost:3000
20240704	14:40:35	8214d2ad-d415-4d1b-8979-9fe334fe7fef	OPTIONS	/auth/refresh	http://localhost:3000
20240704	14:40:35	0f660fd8-4adf-4d1f-8aab-58f147a41d15	GET	/auth/refresh	http://localhost:3000
20240704	14:40:35	1cb96349-0a60-44ca-840e-efc96816b21a	GET	/users	http://localhost:3000
20240704	14:49:17	c3617bfc-d113-439c-823f-75284f491687	GET	/	undefined
20240704	14:49:17	818d4ccb-2207-4d16-98e0-941d13002ff4	GET	/css/style.css	undefined
20240704	14:49:17	eb3dff1f-6e5c-480d-8493-5ddc0a17e919	GET	/favicon.ico	undefined
20240704	14:49:26	222c4cb7-d477-45ea-a8d8-81f873fc5422	GET	/auth/refresh	http://localhost:3000
20240704	14:49:26	3dee89a7-26a4-4c72-843d-61b62c7be2eb	OPTIONS	/users	http://localhost:3000
20240704	14:49:26	2b99ca23-ff80-4a0a-8547-f2f66a0c090e	GET	/users	http://localhost:3000
20240704	14:56:20	5a05c7c0-d405-4084-bd84-c77a6ca0eecf	OPTIONS	/scores	http://localhost:3000
20240704	14:56:20	d75b7028-b657-4a3e-b7d0-87cb11ef6e0f	GET	/scores	http://localhost:3000
20240704	14:58:04	dfb60f61-0c0a-48a4-abcf-1a36dacfb089	OPTIONS	/scores	http://localhost:3000
20240704	14:58:04	08703ae8-83a4-494e-84fe-b0f7bae9921a	OPTIONS	/users	http://localhost:3000
20240704	14:58:04	4475b5df-6df2-4ba2-a234-afcaa8323b5d	GET	/scores	http://localhost:3000
20240704	14:58:04	581601b4-fb46-4b12-90cb-7414b0fe6b36	GET	/users	http://localhost:3000
20240704	14:58:45	a790a7cd-f3c6-48c6-9039-c60f36e55254	GET	/auth/refresh	http://localhost:3000
20240704	14:58:45	b8f19cf2-ae1e-420d-a747-9cfe428069a7	OPTIONS	/scores	http://localhost:3000
20240704	14:58:45	1e00a0be-13a0-4ef1-9c4b-6162498fbe65	OPTIONS	/users	http://localhost:3000
20240704	14:58:45	605ac598-bc53-4253-a547-a40383fc821b	GET	/scores	http://localhost:3000
20240704	14:58:45	9f1f705b-d4e8-49cf-a237-b00671d6d003	GET	/users	http://localhost:3000
20240704	14:59:52	b875b202-8d23-426a-8f9e-e647ed01b59b	OPTIONS	/scores	http://localhost:3000
20240704	14:59:52	a1cb7683-9f2a-48f8-ad0e-277dce1c2020	OPTIONS	/users	http://localhost:3000
20240704	14:59:52	d3f9b344-d215-46f4-be5a-fda156ad80f1	GET	/scores	http://localhost:3000
20240704	14:59:52	557c7f8a-2adf-4a75-88d9-bb59a6baaf5c	GET	/users	http://localhost:3000
20240704	15:01:39	c507f765-dfac-4d00-bdda-286606ce4a3d	OPTIONS	/scores	http://localhost:3000
20240704	15:01:39	6477db1f-9869-46de-9b25-d26eb7436c28	OPTIONS	/users	http://localhost:3000
20240704	15:01:39	3c339438-f260-480d-a1c0-f039e6849a9e	GET	/scores	http://localhost:3000
20240704	15:01:39	725f3167-f71a-4641-815a-f8d03ab70fb8	GET	/users	http://localhost:3000
20240704	15:03:28	8074d94a-5027-4af1-b12a-d6b59bc9aa29	GET	/auth/refresh	http://localhost:3000
20240704	15:03:28	7989af2d-5c59-4caa-a58d-eca6c96c2e69	OPTIONS	/scores	http://localhost:3000
20240704	15:03:28	fe92789f-672e-48ec-9111-38e558f0fbbd	OPTIONS	/users	http://localhost:3000
20240704	15:03:28	8ee66394-ca8f-44cd-a8e3-4c6dd4b6847e	GET	/scores	http://localhost:3000
20240704	15:03:28	243dada8-af48-428a-b041-09d6f4992372	GET	/users	http://localhost:3000
20240704	15:04:39	2fd5566c-f149-4aba-8429-71bc1fea92bc	OPTIONS	/scores	http://localhost:3000
20240704	15:04:39	004f0086-b67e-4cf6-8c3c-ffc1b67af85c	OPTIONS	/users	http://localhost:3000
20240704	15:04:39	769277b0-5714-4b67-ab4f-6435e4704f0d	GET	/scores	http://localhost:3000
20240704	15:04:39	acd1814d-56bf-4986-a022-08d9031b994f	GET	/users	http://localhost:3000
20240704	15:21:57	b40c6d2c-894d-41d6-a067-b33ab3adadd8	GET	/auth/refresh	http://localhost:3000
20240704	15:21:57	3736ae4b-a82e-4737-9c85-8fbdd2a87d77	OPTIONS	/users	http://localhost:3000
20240704	15:21:57	af3da981-ff7a-478c-a04c-c3e551217ffb	OPTIONS	/scores	http://localhost:3000
20240704	15:21:57	d0b307f0-1b2b-4a58-ab49-f3641c7f0a36	GET	/users	http://localhost:3000
20240704	15:21:57	702ef1a2-03b8-4a09-a2e7-ccf53ccd8a44	GET	/scores	http://localhost:3000
20240704	15:26:38	70d994c7-9104-433f-9721-95516acde53f	GET	/auth/refresh	http://localhost:3000
20240704	15:26:38	8dbaac19-7837-44b3-b2bd-2c68601d64f3	OPTIONS	/scores	http://localhost:3000
20240704	15:26:38	6695b45e-aa1e-4cb7-927a-2ed9d4d273ba	OPTIONS	/users	http://localhost:3000
20240704	15:26:38	ee07175a-82ca-4519-9e6b-fd1adb8677d6	GET	/scores	http://localhost:3000
20240704	15:26:38	5f4641a1-2452-46e2-bef2-ef8a1b91777a	GET	/users	http://localhost:3000
20240704	15:28:30	2089709a-6889-455b-ad6a-d262b5203989	GET	/auth/refresh	http://localhost:3000
20240704	15:28:31	aa253688-5265-45ee-8131-d1c89c759428	OPTIONS	/scores	http://localhost:3000
20240704	15:28:31	b999e5f9-0495-443f-920c-2270bd5a4c84	OPTIONS	/users	http://localhost:3000
20240704	15:28:31	7148164f-09df-410a-bc84-01308c959530	GET	/scores	http://localhost:3000
20240704	15:28:31	dfdc46c7-4593-4fef-a3a6-b73b1dc67363	GET	/users	http://localhost:3000
20240704	15:32:19	de0d6a18-f855-445c-a1ec-a3c8c03b14a5	GET	/auth/refresh	http://localhost:3000
20240704	15:32:20	2b8c6def-0982-4342-902a-57f958a6297e	OPTIONS	/users	http://localhost:3000
20240704	15:32:20	78f65316-840c-4216-b3b8-5e0b5fe81039	OPTIONS	/scores	http://localhost:3000
20240704	15:32:20	3af654fe-c14f-4761-9848-aad9e67c5586	GET	/users	http://localhost:3000
20240704	15:32:20	779ab750-4541-4fb1-98d8-c12f05930f3c	GET	/scores	http://localhost:3000
20240704	15:40:42	694c712d-d538-4157-bd5d-1b969543de87	OPTIONS	/users	http://localhost:3000
20240704	15:40:42	3a09a8ea-2cb5-4a60-979b-b8eb395fb6fe	OPTIONS	/scores	http://localhost:3000
20240704	15:40:42	a428cad9-83ae-4f5f-a60a-e6f234291d3a	GET	/users	http://localhost:3000
20240704	15:40:42	b8a03b46-daac-4269-9921-46d1d3f23a15	GET	/scores	http://localhost:3000
20240704	15:41:45	4f40c662-8e64-4c4e-8de6-2b7c59c450a5	GET	/auth/refresh	http://localhost:3000
20240704	15:41:45	ec55fef3-8a55-49d9-8996-23b35567a0b9	OPTIONS	/users	http://localhost:3000
20240704	15:41:45	2a72e824-be5d-4d17-b008-179f5acb0606	OPTIONS	/scores	http://localhost:3000
20240704	15:41:45	b3c2c567-eea8-4be5-a16b-c9154a8bd595	GET	/users	http://localhost:3000
20240704	15:41:45	f7182725-cc0b-4495-98a8-091219a931de	GET	/scores	http://localhost:3000
20240704	15:43:39	8bc6180e-f941-4262-97cf-280bb41930db	GET	/auth/refresh	http://localhost:3000
20240704	15:43:39	60a14994-5818-4d85-86f9-a326d729022f	OPTIONS	/users	http://localhost:3000
20240704	15:43:39	c6c36007-41b4-4dd3-863d-bbace87c5e79	OPTIONS	/scores	http://localhost:3000
20240704	15:43:39	f540b271-8c23-497c-b045-2f224997102a	GET	/users	http://localhost:3000
20240704	15:43:39	44c8da71-9833-4939-aedd-ee252d4a128d	GET	/scores	http://localhost:3000
20240704	15:51:16	717c6b17-7234-4a70-a6ae-49d38370c7df	GET	/auth/refresh	http://localhost:3000
20240704	15:51:16	e09d74b0-fa9e-41a7-ba3b-9e9b5f1dad36	OPTIONS	/users	http://localhost:3000
20240704	15:51:16	8c893611-61e3-4e06-8258-2d1e2b57011d	OPTIONS	/scores	http://localhost:3000
20240704	15:51:16	c711302e-44f0-4b77-ac02-65e4e336c5d0	GET	/users	http://localhost:3000
20240704	15:51:16	f2dd00cf-1f17-4791-b4d8-8422d7cc4d50	GET	/scores	http://localhost:3000
20240704	15:51:37	ebcb750e-2d55-4ca1-abbd-ddb3a2da8512	OPTIONS	/users	http://localhost:3000
20240704	15:51:37	59bb8fe9-9d58-4138-a26e-7e1149bd7660	GET	/users	http://localhost:3000
20240704	15:54:14	77c84a09-b261-465f-9c49-24f4b0dc33bd	OPTIONS	/auth/logout	http://localhost:3000
20240704	15:54:14	c1ec06ef-1127-4333-96f1-75cd8404052e	POST	/auth/logout	http://localhost:3000
20240704	15:54:25	4edbffc8-4f19-408a-ad48-a99bfc5831e9	OPTIONS	/auth	http://localhost:3000
20240704	15:54:25	ed1bf73e-5572-4a48-b409-aa11536122eb	POST	/auth	http://localhost:3000
20240704	15:54:25	c5b235f5-e81a-4d34-a02a-945dbbbff4eb	OPTIONS	/users	http://localhost:3000
20240704	15:54:25	f2fd9d65-6ecf-438b-ad4a-2c20f0a955a2	OPTIONS	/scores	http://localhost:3000
20240704	15:54:25	60f0a8ad-b50d-478a-a241-651b7b4ba3b8	GET	/users	http://localhost:3000
20240704	15:54:25	eeb599a1-2844-4b63-ae58-e0a37886c6d5	GET	/scores	http://localhost:3000
20240704	15:54:45	a975d6fc-f244-4cda-989b-0c33ca0eb388	OPTIONS	/auth/logout	http://localhost:3000
20240704	15:54:45	32cfdde0-b012-4573-8430-bcee996d77a0	POST	/auth/logout	http://localhost:3000
20240704	15:57:04	f52fd970-ef38-40b3-b273-1448a604b019	OPTIONS	/auth	http://localhost:3000
20240704	15:57:04	b24a850a-669a-4efb-a096-033221117c36	POST	/auth	http://localhost:3000
20240704	15:57:04	625c3c60-ae6f-4235-9e74-0e8c2cc148f7	OPTIONS	/users	http://localhost:3000
20240704	15:57:04	ea033862-c801-4879-989a-ca94f387d094	OPTIONS	/scores	http://localhost:3000
20240704	15:57:04	5bcfdbf1-e1d6-405b-bf4c-88ec160ff266	GET	/users	http://localhost:3000
20240704	15:57:04	47620caf-a3d7-48b6-b7ed-fbfe52066960	GET	/scores	http://localhost:3000
20240704	16:04:37	c3b69a8a-4eb8-4d97-be67-db0e335f48d8	GET	/auth/refresh	http://localhost:3000
20240704	16:04:37	2d211042-3405-4cb6-a7db-713bc89d5380	OPTIONS	/users	http://localhost:3000
20240704	16:04:37	b0a582f3-dd54-4f2c-88f9-48ffb02f4b56	OPTIONS	/scores	http://localhost:3000
20240704	16:04:37	c9785bf3-ad9d-47aa-96f8-6db4592b3374	GET	/users	http://localhost:3000
20240704	16:04:37	bd170431-921f-475f-894f-6ca23c697d5c	GET	/scores	http://localhost:3000
20240704	16:06:39	8b9006c7-b7e3-4e96-a6e6-b4dd102d46cb	OPTIONS	/auth/logout	http://localhost:3000
20240704	16:06:39	0a32d026-ab0b-4372-8608-4713b0ef3f72	POST	/auth/logout	http://localhost:3000
20240704	16:07:03	a698f706-e581-44bd-9d3e-4efe00b462bd	OPTIONS	/users	http://localhost:3000
20240704	16:07:03	80a23acc-1c48-4ff7-94bc-4f5fb301265b	POST	/users	http://localhost:3000
20240704	16:07:03	4a95d76b-7264-42aa-b9e1-80174ed5c89e	OPTIONS	/auth	http://localhost:3000
20240704	16:07:03	3d470feb-c668-4182-b53a-c0d828d56367	POST	/auth	http://localhost:3000
20240704	16:07:03	b5b63df5-1f9f-467a-9378-1b4762ac143c	OPTIONS	/users	http://localhost:3000
20240704	16:07:03	c6c5f8fb-2e51-4d97-a411-72ce35697a82	OPTIONS	/scores	http://localhost:3000
20240704	16:07:03	172f2b86-2bfe-41e1-aecb-a27d3efe3412	GET	/users	http://localhost:3000
20240704	16:07:03	c3894a32-3735-4efe-ac44-345d520dc318	GET	/scores	http://localhost:3000
20240704	16:07:11	a824d382-888b-48d9-be0a-9f5656f7ba6b	OPTIONS	/auth/logout	http://localhost:3000
20240704	16:07:11	134bddef-8b10-47ba-822b-d80c666a0855	POST	/auth/logout	http://localhost:3000
20240704	16:10:16	1d186f8b-f339-4e5b-a962-06f9a5636710	GET	/auth/refresh	http://localhost:3000
20240704	16:10:26	d3f83b2b-8679-4cfa-93f5-4fd2ca07e92c	OPTIONS	/auth	http://localhost:3000
20240704	16:10:26	9c2dc95d-eb71-49f9-9210-4e1305a448ad	POST	/auth	http://localhost:3000
20240704	16:10:26	03b2ab22-312c-4b35-81c9-df07adcf394b	OPTIONS	/users	http://localhost:3000
20240704	16:10:26	05de6a65-0092-4b6f-b169-3df19583a9e4	OPTIONS	/scores	http://localhost:3000
20240704	16:10:26	43bff0b5-89b4-46f1-adb2-886e9a695ec4	GET	/users	http://localhost:3000
20240704	16:10:26	c4c81fc3-3d98-473d-bf6a-4facb5892c04	GET	/scores	http://localhost:3000
20240704	16:10:31	cfa65984-35d1-433c-8d85-b715f6a44433	GET	/users	http://localhost:3000
20240704	16:10:38	2864826a-f521-4371-a763-03f31b7c6f34	OPTIONS	/users	http://localhost:3000
20240704	16:10:38	8ad35d1a-86c8-4b33-af93-cc3b2eba2700	GET	/users	http://localhost:3000
20240704	16:10:54	ddde7f39-f7fb-40aa-b209-9e65c29a291d	OPTIONS	/auth/logout	http://localhost:3000
20240704	16:10:54	e918f4d5-d020-47ee-a13b-a561bd2ab6ac	POST	/auth/logout	http://localhost:3000
20240704	16:13:15	9350ceb5-f7da-41f9-a3d2-71f61c026baf	OPTIONS	/auth	http://localhost:3000
20240704	16:13:15	16aa8546-ed43-45d2-972e-17addb526080	POST	/auth	http://localhost:3000
20240704	16:13:15	a066f720-e830-48ee-9c21-fc64e3fd2057	OPTIONS	/users	http://localhost:3000
20240704	16:13:15	27e643c3-8ca0-43f3-b5d7-8b0b7629c1bf	OPTIONS	/scores	http://localhost:3000
20240704	16:13:15	3c2dcb09-d1f5-40c8-b1b0-29df110b67ed	GET	/users	http://localhost:3000
20240704	16:13:15	56ccf629-3641-4cf0-900b-e0a8e61c74ca	GET	/scores	http://localhost:3000
20240704	16:14:36	968bbd94-e136-44fe-935a-656348338431	OPTIONS	/auth/logout	http://localhost:3000
20240704	16:14:36	e823331f-d79b-4444-b76f-b5187ec4b21d	POST	/auth/logout	http://localhost:3000
20240704	16:14:43	0872af0e-5abe-42aa-93b6-2e8a968feb57	OPTIONS	/auth	http://localhost:3000
20240704	16:14:43	2c62491b-4175-420a-8a73-bc1193a8d2a6	POST	/auth	http://localhost:3000
20240704	16:14:43	72158c2a-5d40-473f-8c0e-47e13a3be780	OPTIONS	/users	http://localhost:3000
20240704	16:14:43	408db535-f7be-4780-90f7-6206d0c54fbf	OPTIONS	/scores	http://localhost:3000
20240704	16:14:43	8bf41818-634e-4d06-8017-0267ac181f5d	GET	/users	http://localhost:3000
20240704	16:14:43	75fa613c-c627-46a9-b580-8adc1a0073e5	GET	/scores	http://localhost:3000
20240704	16:17:24	13a24561-4c0a-4b3e-8632-c3fe587f0e61	OPTIONS	/auth/logout	http://localhost:3000
20240704	16:17:24	81de5203-b8b2-4e37-a7dd-a06ca5b6a92a	POST	/auth/logout	http://localhost:3000
20240704	16:19:31	7168c2df-a2bc-4075-880c-454def0ae2a7	OPTIONS	/auth	http://localhost:3000
20240704	16:19:31	c8a5fe38-6617-4922-b30b-5fba6212c5ff	POST	/auth	http://localhost:3000
20240704	16:19:31	b4cbacf0-e1a3-457f-b8a0-eb3ca607f3f4	OPTIONS	/users	http://localhost:3000
20240704	16:19:31	55c40cc2-d174-4d06-ab09-93bc5cd90264	OPTIONS	/scores	http://localhost:3000
20240704	16:19:31	682050d7-58ed-40c9-b680-587082111cd5	GET	/users	http://localhost:3000
20240704	16:19:31	7e711aef-26f2-451c-ae3b-60666cfcb7c9	GET	/scores	http://localhost:3000
20240704	16:19:35	3b7bd6a3-6c51-4df6-848e-602a4be628af	OPTIONS	/auth/logout	http://localhost:3000
20240704	16:19:35	0de9e06b-a53f-438c-aa12-59dc5a05fbfb	POST	/auth/logout	http://localhost:3000
20240704	16:19:37	8fffb1c7-82ca-42e3-92ea-fa750b8494cc	OPTIONS	/auth	http://localhost:3000
20240704	16:19:37	31232ed9-538e-4aba-b576-c0fdf3f854cd	POST	/auth	http://localhost:3000
20240704	16:19:38	2878ce24-fd11-4f95-8590-e14260c5e8cc	OPTIONS	/users	http://localhost:3000
20240704	16:19:38	2e194fa9-2cf4-423b-acee-0811df072ca1	OPTIONS	/scores	http://localhost:3000
20240704	16:19:38	2362a037-f1d7-4143-8cf0-9d69bd38c19e	GET	/users	http://localhost:3000
20240704	16:19:38	8298559c-b01d-462d-a5d6-fc48ceb1feab	GET	/scores	http://localhost:3000
20240704	16:19:48	efa63348-a97c-43ec-b5e9-9aa4e90cfb2a	OPTIONS	/auth/logout	http://localhost:3000
20240704	16:19:48	1d71b719-0ef8-40a8-9633-f8a3f118fe36	POST	/auth/logout	http://localhost:3000
20240704	16:19:51	fa30a817-408d-469a-bea1-32c1d17b17e5	OPTIONS	/auth	http://localhost:3000
20240704	16:19:51	3c760ab2-eada-4047-8089-464801df2894	POST	/auth	http://localhost:3000
20240704	16:19:51	ee3a5db9-d477-43b3-965a-0c62b86dd4f2	OPTIONS	/users	http://localhost:3000
20240704	16:19:51	410cd127-a53a-4b61-afcc-20e67a580617	OPTIONS	/scores	http://localhost:3000
20240704	16:19:51	5aba1bc7-02ad-4207-a089-54500f1a063d	GET	/users	http://localhost:3000
20240704	16:19:51	03883b84-d746-4c04-a541-190343fdadf7	GET	/scores	http://localhost:3000
20240704	16:19:52	f12be0b5-aab3-4c21-9378-1d3bdd4d91fa	POST	/auth/logout	http://localhost:3000
20240704	16:20:12	86b50b40-9d2b-4d16-9d63-399d95df36d6	OPTIONS	/auth	http://localhost:3000
20240704	16:20:12	b27a549e-d7ad-4cb6-af41-f3efa507e290	POST	/auth	http://localhost:3000
20240704	16:20:12	70aae8be-29bc-4793-978e-3f08f37d595e	OPTIONS	/users	http://localhost:3000
20240704	16:20:12	f5d51808-53fe-4202-aba3-c07c41eb6bc6	OPTIONS	/scores	http://localhost:3000
20240704	16:20:12	51a34cff-cab1-4d13-9ed4-d0575c75754a	GET	/users	http://localhost:3000
20240704	16:20:12	a4cf5623-013a-439a-b6b2-71c6d1cd1f6a	GET	/scores	http://localhost:3000
20240704	16:20:21	24fd96b5-41b2-48a1-936c-43db81cba69b	OPTIONS	/auth/logout	http://localhost:3000
20240704	16:20:21	acff1cde-1b8e-42c0-84ed-8565a713596e	POST	/auth/logout	http://localhost:3000
20240704	16:30:53	7b914482-1573-4676-8d7d-c403a2ecb2cf	OPTIONS	/auth	http://localhost:3000
20240704	16:30:53	5ce2bc99-6e94-4e72-8855-dbcff598dd7e	POST	/auth	http://localhost:3000
20240704	16:30:53	db4daff8-3cff-4af8-9440-85d7b2fe2dab	OPTIONS	/users	http://localhost:3000
20240704	16:30:53	57811f15-9000-4483-867e-68a5d02d7ce5	OPTIONS	/scores	http://localhost:3000
20240704	16:30:53	91f23599-d648-4c42-a013-c4cac62a2edd	GET	/users	http://localhost:3000
20240704	16:30:53	4edee7cf-ae7a-4c8e-a519-9d5a1557fa5f	GET	/scores	http://localhost:3000
20240704	18:15:18	865b61b5-1dd4-4aa4-9573-d83a9bc9dd94	OPTIONS	/auth	http://localhost:3000
20240704	18:15:18	75a862f3-60ee-44e7-907f-f5e2fbac0273	POST	/auth	http://localhost:3000
20240704	18:15:19	d0d49705-8d52-418f-8246-d2362f48b146	OPTIONS	/users	http://localhost:3000
20240704	18:15:19	7556c4da-fc66-4efe-bced-f1996ca5371c	OPTIONS	/scores	http://localhost:3000
20240704	18:15:19	97972adc-d906-4044-82c1-1d7fb1ca110f	GET	/users	http://localhost:3000
20240704	18:15:19	3091743b-9635-415b-b348-df5fdbc67e23	GET	/scores	http://localhost:3000
20240704	18:20:11	563646cd-bd93-4b40-bfa5-5339ac973ed2	OPTIONS	/auth	http://localhost:3000
20240704	18:20:11	5fa3955b-38f6-438b-9bd1-67f76361b8d5	POST	/auth	http://localhost:3000
20240704	18:20:11	7045394c-dce0-4f27-b6e0-33769333138c	OPTIONS	/users	http://localhost:3000
20240704	18:20:11	725b6365-1a9e-4e80-81a5-876c88cd1077	OPTIONS	/scores	http://localhost:3000
20240704	18:20:11	746e475f-cb48-49f2-bde1-bdd135a6f38f	GET	/users	http://localhost:3000
20240704	18:20:11	873fdae5-0b00-4351-b982-bbb7963f6173	GET	/scores	http://localhost:3000
20240704	18:28:25	bce2548b-a675-4bd9-9772-44dd68db6d09	GET	/auth/refresh	http://localhost:3000
20240704	18:28:26	b11ac7e4-c0f7-48b9-b55a-93754101db9c	OPTIONS	/users	http://localhost:3000
20240704	18:28:26	09b7295b-9d03-4de4-9474-6bfa52423164	OPTIONS	/scores	http://localhost:3000
20240704	18:28:26	f6bf8b28-c854-4d03-90b1-82a4313ebb05	GET	/users	http://localhost:3000
20240704	18:28:26	d933fe21-5fb3-4dbd-a126-6f17205e2280	GET	/scores	http://localhost:3000
20240704	21:41:29	803bcd61-244a-4639-9d53-e604a7f0aec4	OPTIONS	/auth	http://localhost:3000
20240704	21:41:29	c5e59771-e451-4d35-9d76-15d28a439b7a	POST	/auth	http://localhost:3000
20240704	21:41:29	d9dad88e-1aa5-4674-b7d6-85744dc48c7b	OPTIONS	/users	http://localhost:3000
20240704	21:41:29	075926f5-7d7b-445b-8677-255eb5ec7daa	OPTIONS	/scores	http://localhost:3000
20240704	21:41:29	6f2749d2-f000-4329-9efc-498d948d0fc0	GET	/users	http://localhost:3000
20240704	21:41:29	fd2356c2-41c9-491d-8407-625c924e907d	GET	/scores	http://localhost:3000
20240704	21:42:52	09f2aca7-dbe0-4f0a-be27-fb93c9093f07	OPTIONS	/auth	http://localhost:3000
20240704	21:42:52	bb1468e0-5d3e-496d-aa3d-19afcf8570e3	POST	/auth	http://localhost:3000
20240704	21:42:52	78d7503c-39e9-42fc-8e01-34c9ae4f279e	OPTIONS	/users	http://localhost:3000
20240704	21:42:52	fc794b59-7162-42eb-91f2-4d10dac7a2e9	OPTIONS	/scores	http://localhost:3000
20240704	21:42:52	2bcd0f93-2bde-4223-83e7-6aa8f0dbc0ad	GET	/users	http://localhost:3000
20240704	21:42:52	c9241153-9b1e-427b-817f-aaf3bcd77979	GET	/scores	http://localhost:3000
20240706	11:09:44	774aad2b-3cab-4c64-9d96-21e5ed559fd9	OPTIONS	/auth	http://localhost:3000
20240706	11:09:44	9b17d5cc-a471-4521-986c-8f56adaa1074	POST	/auth	http://localhost:3000
20240706	11:09:45	3d1c6920-dd9b-45e8-9b0c-e8bc0eb4feb5	OPTIONS	/users	http://localhost:3000
20240706	11:09:45	bde0d715-7aeb-4139-a7b2-d03efbcbbae8	OPTIONS	/scores	http://localhost:3000
20240706	11:09:45	8383c0be-d184-4531-9725-000030a05978	GET	/users	http://localhost:3000
20240706	11:09:45	f8594fd6-4407-4084-8c84-14c6e37fed2e	GET	/scores	http://localhost:3000
20240706	11:30:09	a9f7bdc6-f73f-47bd-b4d3-8744b855aa63	OPTIONS	/auth	http://localhost:3000
20240706	11:30:09	5be998f5-d619-4257-9b86-db4fc84746f8	POST	/auth	http://localhost:3000
20240706	11:30:09	ebf423df-a77f-4417-a145-3f5488dd1a50	OPTIONS	/users	http://localhost:3000
20240706	11:30:09	6faf1667-a206-419f-8005-76d68cbdbf74	OPTIONS	/scores	http://localhost:3000
20240706	11:30:09	1dbd872f-a484-4d5e-ae3e-e9e1f3c4dd1e	GET	/users	http://localhost:3000
20240706	11:30:09	6057c345-5557-4775-9149-43094c203c09	GET	/scores	http://localhost:3000
20240706	11:31:19	a1aacabb-a476-44cb-9f77-127ce423cb18	GET	/auth/refresh	http://localhost:3000
20240706	11:31:19	e5fb23c0-35e6-4ec5-930b-9b1878dc76c5	OPTIONS	/users	http://localhost:3000
20240706	11:31:19	51e06025-4507-408d-821a-c7d3bfa03651	OPTIONS	/scores	http://localhost:3000
20240706	11:31:19	eea96874-f514-464d-a43a-573b6f9ab562	GET	/users	http://localhost:3000
20240706	11:31:19	f0cd531e-d0ad-4b9f-98dc-25d3bd019038	GET	/scores	http://localhost:3000
20240706	11:33:34	7306126f-e7b2-4f49-bbc1-49dd439c1739	OPTIONS	/users	http://localhost:3000
20240706	11:33:34	c5c6f861-9b21-4393-a6af-bb444ea62108	OPTIONS	/scores	http://localhost:3000
20240706	11:33:34	b286a946-8ead-4788-a41a-e64370356413	GET	/users	http://localhost:3000
20240706	11:33:34	9f34ad27-c90b-4b9b-b982-69976f2a4e48	GET	/scores	http://localhost:3000
20240706	11:33:35	177f3df9-8e52-4f9d-9f94-4d748a929f28	GET	/users	http://localhost:3000
20240706	11:33:35	2f35aaa8-e9b7-443b-960d-7484d2974f71	GET	/scores	http://localhost:3000
20240706	11:33:39	f293166a-6054-4e99-ab86-cb68b206763c	GET	/auth/refresh	http://localhost:3000
20240706	11:33:39	e3993d16-f950-4dd0-9768-d2dd986a0741	GET	/users	http://localhost:3000
20240706	11:33:39	b17712e9-0cad-4566-96ac-d33a96740363	GET	/scores	http://localhost:3000
20240706	11:34:23	e20c1156-acb2-4322-8396-4883a53fdb50	GET	/auth/refresh	http://localhost:3000
20240706	11:34:23	54fac8b1-f7ea-4f11-bf4b-a618df5cf1a9	OPTIONS	/users	http://localhost:3000
20240706	11:34:23	577dafed-297b-488f-ab0e-b894813f4ec6	OPTIONS	/scores	http://localhost:3000
20240706	11:34:23	a62b1557-0d3a-4e98-a9da-48e161d748a9	GET	/users	http://localhost:3000
20240706	11:34:23	01137613-3f6f-482c-93ae-a74dee432847	GET	/scores	http://localhost:3000
20240706	11:36:23	8f1d3485-011a-4d11-b803-542566bf8cce	GET	/auth/refresh	http://localhost:3000
20240706	11:36:23	4ac85cf2-3c03-468e-ab7b-c7799bec7169	OPTIONS	/users	http://localhost:3000
20240706	11:36:23	d2d3c5f1-901b-4498-87ba-5638cb6b860c	OPTIONS	/scores	http://localhost:3000
20240706	11:36:23	d3dba395-bc79-4b85-abe5-36a4dcdb92c8	GET	/users	http://localhost:3000
20240706	11:36:23	11fcad41-b375-46d8-959d-281b085cc071	GET	/scores	http://localhost:3000
20240706	11:37:27	0917a78c-9860-45a8-9eda-fa34a711e607	GET	/auth/refresh	http://localhost:3000
20240706	11:37:28	65ab3114-9635-4d63-9bff-cc548fd09493	OPTIONS	/users	http://localhost:3000
20240706	11:37:28	6126f3aa-b1e9-41b5-b7cb-5c52261de1d3	OPTIONS	/scores	http://localhost:3000
20240706	11:37:28	f933d746-fd1a-4f7b-b8b9-22e3fe48d498	GET	/users	http://localhost:3000
20240706	11:37:28	16e1f6ab-86b1-4e9b-bcb4-98fa30f942bf	GET	/scores	http://localhost:3000
20240706	11:39:26	b8587d18-69cf-49c0-b31d-7a872eb09494	OPTIONS	/users	http://localhost:3000
20240706	11:39:26	966214d5-3ce5-49ae-85b6-43246878b562	OPTIONS	/scores	http://localhost:3000
20240706	11:39:26	d2950c60-a7fa-4d6e-a8c3-e8275702734f	GET	/users	http://localhost:3000
20240706	11:39:26	7c169c7d-66a0-41cd-a1f2-f5552cffefe8	GET	/scores	http://localhost:3000
20240706	11:44:15	5955ffc4-adcc-4bf3-a7ea-c35e434273f9	GET	/auth/refresh	http://localhost:3000
20240706	11:44:15	779d9a17-311a-4f40-978c-09a543821c26	OPTIONS	/users	http://localhost:3000
20240706	11:44:15	0991d895-444a-4eaa-8c01-5b3319bca6ad	OPTIONS	/scores	http://localhost:3000
20240706	11:44:15	7cb7a075-56b3-409d-9879-27e03311d283	GET	/users	http://localhost:3000
20240706	11:44:15	d5dafcc4-7ca9-4fab-8b9f-2fc84ea89552	GET	/scores	http://localhost:3000
20240706	12:09:33	64b0afa1-36f0-488b-bd71-81f491c851b2	GET	/auth/refresh	http://localhost:3000
20240706	12:09:33	64cf58d0-f47a-4678-8f07-4153a9f4bd11	OPTIONS	/users	http://localhost:3000
20240706	12:09:33	beb8776c-286c-41f0-ad18-facd03d19e6f	OPTIONS	/scores	http://localhost:3000
20240706	12:09:33	35688c65-4812-4485-b55a-936a93b6c7e1	GET	/users	http://localhost:3000
20240706	12:09:33	7abe891a-5d3b-4cf7-a000-0a963b5d31cc	GET	/scores	http://localhost:3000
20240706	12:11:05	6c15dfe9-6f52-4c2b-89db-63ffe49dcceb	GET	/auth/refresh	http://localhost:3000
20240706	12:11:05	d2008a09-cd31-4a1a-ae44-54f2f8ce5f4f	OPTIONS	/users	http://localhost:3000
20240706	12:11:05	9d7d420f-fb27-4c29-b3d7-6778ee237d79	OPTIONS	/scores	http://localhost:3000
20240706	12:11:05	4c6d3932-7f5d-46af-8f24-7368768d2d11	GET	/users	http://localhost:3000
20240706	12:11:05	31bf5b05-f0e2-464b-b3b2-dd09ef120579	GET	/scores	http://localhost:3000
20240706	12:11:06	f3ae415f-b96b-4946-b8dc-98fae26eea70	GET	/auth/refresh	http://localhost:3000
20240706	12:11:06	4c65eb8e-807a-4310-adf1-b8b7d198b2ba	GET	/users	http://localhost:3000
20240706	12:11:06	c980cab0-69cf-415f-aed2-3477f0a4ce8d	GET	/scores	http://localhost:3000
20240706	12:11:15	5d1ca261-846b-43da-b474-205c93363cdb	GET	/auth/refresh	http://localhost:3000
20240706	12:11:15	eb6a941f-888c-4ebb-b1c3-2fc22c63bae6	OPTIONS	/users	http://localhost:3000
20240706	12:11:15	81a12495-0d84-4709-a32e-d620c5e3ef11	OPTIONS	/scores	http://localhost:3000
20240706	12:11:15	c355eab1-43ba-46a1-a411-8e5fa6d41cea	GET	/users	http://localhost:3000
20240706	12:11:15	f3551dbe-4966-4600-a50c-30d9bd30fb7c	GET	/scores	http://localhost:3000
20240706	12:11:55	c3294d86-68c4-4c18-aaac-b81f1df532aa	GET	/auth/refresh	http://localhost:3000
20240706	12:11:55	623effef-54e6-4cf9-8bfc-59caa4a22937	OPTIONS	/users	http://localhost:3000
20240706	12:11:55	5df95e14-8a37-434c-9573-285d7c7e300d	OPTIONS	/scores	http://localhost:3000
20240706	12:11:55	f16a3583-f473-4ea1-b4e3-7f38dae3d722	GET	/users	http://localhost:3000
20240706	12:11:55	aff512b4-263a-4fee-906f-fbcf18892d75	GET	/scores	http://localhost:3000
20240706	12:13:46	e94a40c7-3222-476d-9ef6-0ffca730c7c1	GET	/auth/refresh	http://localhost:3000
20240706	12:13:46	82d7d766-5aa9-4109-87b0-66bc0b99501a	OPTIONS	/users	http://localhost:3000
20240706	12:13:46	f0c24b6f-5b3c-4d1d-aca3-e30651c2e952	OPTIONS	/scores	http://localhost:3000
20240706	12:13:46	887d582f-81bf-48b9-b89f-90a11131663b	GET	/users	http://localhost:3000
20240706	12:13:46	908c9b65-d2ab-4388-8253-c911824790a4	GET	/scores	http://localhost:3000
20240706	12:14:04	fcfb705d-5cbb-44db-806b-6f6424ed4fc9	GET	/auth/refresh	http://localhost:3000
20240706	12:14:04	b9d0342d-1257-4019-ae95-19d924443fd3	OPTIONS	/users	http://localhost:3000
20240706	12:14:04	70f0f5d2-4b8e-4a44-8ac7-3411fd88afb5	OPTIONS	/scores	http://localhost:3000
20240706	12:14:04	d03fb906-4820-44ae-b8d1-d3b4afb4126e	GET	/users	http://localhost:3000
20240706	12:14:04	0b357e23-e999-4dee-8674-a6d248ce8b4f	GET	/scores	http://localhost:3000
20240706	12:16:28	d7df225f-2d5d-4996-8b61-b81aaba1b9ba	GET	/auth/refresh	http://localhost:3000
20240706	12:16:28	e6756868-2e9a-42ae-a421-ef50d9543028	OPTIONS	/users	http://localhost:3000
20240706	12:16:28	e1cbd041-9d96-4a6b-9a0b-375a34bc3dd6	OPTIONS	/scores	http://localhost:3000
20240706	12:16:28	bbd8c226-d609-4d4e-bfba-f96662809342	GET	/users	http://localhost:3000
20240706	12:16:28	c9ff9bf0-a617-4b5b-b1cd-1b0557ca0d35	GET	/scores	http://localhost:3000
20240706	12:16:33	4834600e-7df9-441d-b5d3-a13e37d87a29	GET	/auth/refresh	http://localhost:3000
20240706	12:16:33	2f162be9-1c6c-46cf-851a-14bc42e06fe4	GET	/users	http://localhost:3000
20240706	12:16:33	5e8705c8-aa91-4a0c-91d2-17f8884f053f	GET	/scores	http://localhost:3000
20240706	12:16:37	fa761b16-b51d-40cb-8b1e-2e6c1a56bd41	GET	/auth/refresh	http://localhost:3000
20240706	12:16:37	ce3a8b5c-0a89-42d7-86a1-aea588c8f5d8	OPTIONS	/users	http://localhost:3000
20240706	12:16:37	9298b01c-cff3-4589-9bef-0785565aa88c	OPTIONS	/scores	http://localhost:3000
20240706	12:16:37	fb26a326-5679-40af-bae5-63d38d303966	GET	/users	http://localhost:3000
20240706	12:16:37	024382ed-0440-40e0-937a-e347ddf67f13	GET	/scores	http://localhost:3000
20240706	12:21:48	b8b958a4-8354-497c-9501-7d5e46fc40f6	GET	/auth/refresh	http://localhost:3000
20240706	12:21:48	4d7ad7a3-2a34-4011-a05b-4992c65bc931	OPTIONS	/users	http://localhost:3000
20240706	12:21:48	016d6c94-1ddf-4dd3-a63f-b8b7c64efb18	OPTIONS	/scores	http://localhost:3000
20240706	12:21:48	17b3ecec-f3f7-4452-bdb3-41ba2ea4fbbd	GET	/users	http://localhost:3000
20240706	12:21:48	98bb3770-8408-470f-b811-4d10a030afd3	GET	/scores	http://localhost:3000
20240706	12:27:47	e3755e9d-b692-43da-9b5d-dbac18d6f64c	OPTIONS	/auth	http://localhost:3000
20240706	12:27:47	47f6f8e2-6118-4314-8f43-d8f74f9d3899	POST	/auth	http://localhost:3000
20240706	12:27:47	76a808e8-8321-4e77-957c-c332ec5bc087	OPTIONS	/users	http://localhost:3000
20240706	12:27:47	c6a9fc97-966d-4da2-a562-641587a88fad	OPTIONS	/scores	http://localhost:3000
20240706	12:27:47	6c6cd3de-982f-482a-a357-56d2a9e9c845	GET	/users	http://localhost:3000
20240706	12:27:47	74f35cbc-9621-4c3d-bed4-56294a6a6e22	GET	/scores	http://localhost:3000
20240706	12:30:12	c08bf1d7-b522-4b00-b12b-103e62fd08a8	GET	/auth/refresh	http://localhost:3000
20240706	12:30:12	c5675a9c-0eb0-497b-b361-4939c09ac7be	OPTIONS	/users	http://localhost:3000
20240706	12:30:12	5ac69882-a54e-4443-aec2-e906a937ebe9	OPTIONS	/scores	http://localhost:3000
20240706	12:30:12	d4fb86d7-d4d3-49a3-8587-842736742619	GET	/users	http://localhost:3000
20240706	12:30:12	06f23407-f474-4dea-9a2d-a81615623116	GET	/scores	http://localhost:3000
20240706	12:33:45	bedac90c-2d53-4873-ab0d-db285b4e4a09	GET	/auth/refresh	http://localhost:3000
20240706	12:33:45	ca43bf50-8778-4051-9ecb-9736f699c773	OPTIONS	/users	http://localhost:3000
20240706	12:33:45	09f93b82-80d5-4918-b894-ae04e41396b9	OPTIONS	/scores	http://localhost:3000
20240706	12:33:45	65f6d9de-c8da-40e3-b512-74c669353968	GET	/users	http://localhost:3000
20240706	12:33:45	b7324b8f-adf7-4c52-8747-24abfa9debe8	GET	/scores	http://localhost:3000
20240706	12:40:47	47c0cee9-53a4-45cc-bf0e-8315b41b93a4	GET	/auth/refresh	http://localhost:3000
20240706	12:40:47	8683c026-eb3f-47e9-9692-feaaeb125ea6	OPTIONS	/users	http://localhost:3000
20240706	12:40:47	3e2ed938-5e98-4892-be40-b62f6bb5c8c0	OPTIONS	/scores	http://localhost:3000
20240706	12:40:47	b4693edd-4d99-43b2-b466-2ec403e09226	GET	/users	http://localhost:3000
20240706	12:40:47	d74e3986-1732-44ee-8ab2-d5ada362627d	GET	/scores	http://localhost:3000
20240707	21:02:06	e19fa532-2d1a-47f9-aae8-61624e27ebbf	OPTIONS	/scores	chrome-extension://appklbolfbdaolmbmjglbianfjlmmfbg
20240707	21:02:06	318dc31f-ec79-4544-99e6-b6e496bf7127	POST	/scores	chrome-extension://appklbolfbdaolmbmjglbianfjlmmfbg
20240707	21:03:50	78f0569a-45a1-483b-8da4-dfd1e28ecafc	OPTIONS	/scores	chrome-extension://appklbolfbdaolmbmjglbianfjlmmfbg
20240707	21:03:50	fb2a2414-ca3b-4dbc-9cf3-e812b60837d3	POST	/scores	chrome-extension://appklbolfbdaolmbmjglbianfjlmmfbg
20240707	21:04:36	ce21e5e7-087f-4ad9-a7e3-969adc3223e7	GET	/auth/refresh	http://localhost:3000
20240707	21:04:36	31718035-ddec-47b0-96d0-7172ad964d74	OPTIONS	/users	http://localhost:3000
20240707	21:04:36	36632c03-2b8a-4bd6-b5ff-bc9e21737bc8	OPTIONS	/scores	http://localhost:3000
20240707	21:04:36	a752a502-7c9f-46f1-a9f0-2607b5706f88	GET	/users	http://localhost:3000
20240707	21:04:36	b4d1612e-7e2b-4db7-8380-828131845464	GET	/scores	http://localhost:3000
20240707	23:16:53	dc338c06-fba1-400e-acd8-bb229c971901	GET	/auth/refresh	http://localhost:3000
20240707	23:16:53	39eeedbc-3ec8-41a6-8783-239619264c55	OPTIONS	/users	http://localhost:3000
20240707	23:16:53	c1f4547b-020f-4542-97a3-5c8cf9d3b7df	OPTIONS	/scores	http://localhost:3000
20240707	23:16:53	ba479ddc-e108-47ec-9fe6-7c96707b8510	GET	/users	http://localhost:3000
20240707	23:16:53	cc2a31cf-ad06-414c-92e5-39e8ca3467ae	GET	/scores	http://localhost:3000
20240707	23:17:44	754b9919-b063-4760-b678-79ee29d1a805	GET	/auth/refresh	http://localhost:3000
20240707	23:17:44	e5fa8082-d0d4-456b-876c-c69e4f8c6379	OPTIONS	/users	http://localhost:3000
20240707	23:17:44	874bd2bc-dbea-4c15-84c9-b572efcb95af	OPTIONS	/scores	http://localhost:3000
20240707	23:17:44	946ecc35-ced1-4671-aada-2778c7e7cad2	GET	/users	http://localhost:3000
20240707	23:17:44	5a9a5750-6547-48f6-ae46-3e08338004b5	GET	/scores	http://localhost:3000
20240707	23:18:05	0c0a2c81-306c-4bf5-aa8b-46a3c2c84d11	GET	/auth/refresh	http://localhost:3000
20240707	23:18:05	d206e3bb-6465-4809-84fc-0c49887bd30c	OPTIONS	/users	http://localhost:3000
20240707	23:18:05	99b77d7c-62e7-4420-bbeb-6611a1fd2408	OPTIONS	/scores	http://localhost:3000
20240707	23:18:05	339b1688-4e3e-4ba4-979d-5146682ab3b8	GET	/users	http://localhost:3000
20240707	23:18:05	4e1683af-2ae5-44e0-9546-a8bf6099e603	GET	/scores	http://localhost:3000
20240707	23:18:09	b3aa7e13-60b7-46b7-9665-abd90d5d1c52	GET	/auth/refresh	http://localhost:3000
20240707	23:18:09	d652955c-aa1f-4162-9511-08cd5965f642	GET	/users	http://localhost:3000
20240707	23:18:09	beb15397-ae1a-4c9c-87d3-48b9d0c3b952	GET	/scores	http://localhost:3000
20240707	23:20:28	b229c430-9d06-4a72-a519-6c3774cb5261	OPTIONS	/auth	http://localhost:3000
20240707	23:20:28	6f80e58e-57fa-4099-aede-6105f8db4350	POST	/auth	http://localhost:3000
20240707	23:20:28	d5f954e9-8f04-411e-9422-93665c13b4b6	OPTIONS	/users	http://localhost:3000
20240707	23:20:28	7862c004-0619-4108-9034-a2b4aecfaf11	OPTIONS	/scores	http://localhost:3000
20240707	23:20:28	32785cd0-208f-4eeb-867b-feb1e007c3fd	GET	/users	http://localhost:3000
20240707	23:20:28	0280951b-5406-406f-93ac-4c40fc002eb7	GET	/scores	http://localhost:3000
20240707	23:24:46	46b3c8dc-15bd-4489-94a2-954f82ef7f89	GET	/auth/refresh	http://localhost:3000
20240707	23:24:46	dcfdb018-bd12-47c8-b0ef-ba32d882f079	OPTIONS	/users	http://localhost:3000
20240707	23:24:46	fab0b6e6-dd48-4ebd-ab56-feae913c3b2b	OPTIONS	/scores	http://localhost:3000
20240707	23:24:46	905ee3ff-39a7-4cda-baef-a90c129729a7	GET	/users	http://localhost:3000
20240707	23:24:46	d8773fe7-f12c-42a2-a19c-a4509b3d2e5b	GET	/scores	http://localhost:3000
20240707	23:27:00	df817925-b1e0-45e5-b203-ed108feadbcb	GET	/auth/refresh	http://localhost:3000
20240707	23:27:00	491fe1d4-93f8-4491-bacf-a0d9051359e0	OPTIONS	/users	http://localhost:3000
20240707	23:27:00	4f8803e4-5422-42d6-ad04-837ee299971a	OPTIONS	/scores	http://localhost:3000
20240707	23:27:00	08514eff-f0d2-4097-be4a-176e71f0e717	GET	/users	http://localhost:3000
20240707	23:27:00	7c201178-9694-4b2b-9419-2e22591bb467	GET	/scores	http://localhost:3000
20240707	23:27:46	9ec71ae9-2365-445b-9e43-d1c362d20f26	GET	/auth/refresh	http://localhost:3000
20240707	23:27:46	b4e683fe-ddb9-4ec6-a920-afba277ffcb9	OPTIONS	/users	http://localhost:3000
20240707	23:27:46	11a01c2b-a5c3-412b-9ba7-679ff9f66a21	OPTIONS	/scores	http://localhost:3000
20240707	23:27:46	70805ab5-287e-4d8e-b8d4-b39f0df557a2	GET	/users	http://localhost:3000
20240707	23:27:46	df568791-e011-4931-8ab0-843ebef285c7	GET	/scores	http://localhost:3000
20240707	23:28:54	bd5f082b-e5e8-4c8a-ab56-b13f00814ccc	GET	/auth/refresh	http://localhost:3000
20240707	23:28:54	c971d9ec-f407-40c4-8210-c6a77490b7b8	OPTIONS	/users	http://localhost:3000
20240707	23:28:54	42f07c56-7ba3-49ae-bfc5-0e0cd9fe786b	OPTIONS	/scores	http://localhost:3000
20240707	23:28:54	e20c7a28-e319-4d8e-9ad8-58fbbcc9feeb	GET	/users	http://localhost:3000
20240707	23:28:54	a14f76d9-2ff2-4508-89c8-b90ae1cbce84	GET	/scores	http://localhost:3000
20240708	00:01:00	cfad47eb-2cd6-445f-9a16-516c63a03eda	OPTIONS	/scores	chrome-extension://appklbolfbdaolmbmjglbianfjlmmfbg
20240708	00:01:00	b4cf302d-654e-4ad5-b97c-d0e73f6a5fef	POST	/scores	chrome-extension://appklbolfbdaolmbmjglbianfjlmmfbg
20240708	00:01:35	16a93772-6c86-4d67-b3eb-839f1fbcb8ca	OPTIONS	/scores	chrome-extension://appklbolfbdaolmbmjglbianfjlmmfbg
20240708	00:01:35	06039302-cb80-4de7-8342-c5873489afd1	POST	/scores	chrome-extension://appklbolfbdaolmbmjglbianfjlmmfbg
20240708	00:05:31	e6b03337-6dbf-4871-b10a-b7759b104e33	OPTIONS	/scores	chrome-extension://appklbolfbdaolmbmjglbianfjlmmfbg
20240708	00:05:31	2dd7de46-c66d-4570-b0de-f9d477c3e73e	POST	/scores	chrome-extension://appklbolfbdaolmbmjglbianfjlmmfbg
20240708	00:06:29	948297e8-5ff2-4878-8b05-f13c006eeb46	OPTIONS	/scores	chrome-extension://appklbolfbdaolmbmjglbianfjlmmfbg
20240708	00:06:29	812debd1-4c35-49ca-bac7-22d85f7bb118	POST	/scores	chrome-extension://appklbolfbdaolmbmjglbianfjlmmfbg
20240708	00:06:46	c68fbc86-3ef4-41fb-81b2-f7f9388f7853	OPTIONS	/auth/logout	http://localhost:3000
20240708	00:06:46	b2f7bef1-ed38-4cf1-a1f1-b3f39fa89f42	POST	/auth/logout	http://localhost:3000
